2019-02-21 00:08:09.655 [Thread-3] INFO  o.s.scheduling.concurrent.ThreadPoolTaskExecutor - Shutting down ExecutorService
2019-02-21 00:08:09.675 [Thread-3] INFO  o.s.scheduling.concurrent.ThreadPoolTaskExecutor - Shutting down ExecutorService 'applicationTaskExecutor'
2019-02-21 00:08:09.683 [Thread-3] INFO  com.zaxxer.hikari.HikariDataSource - HikariPool-1 - Shutdown initiated...
2019-02-21 00:08:09.693 [Thread-3] INFO  com.zaxxer.hikari.HikariDataSource - HikariPool-1 - Shutdown completed.
2019-02-21 13:05:09.621 [main] INFO  com.sangxiang.app.App - Starting App on sangxiangMBP with PID 5288 (/Users/sangxiang/Desktop/web-server/shuadan/app/target/classes started by sangxiang in /Users/sangxiang/Desktop/web-server/shuadan)
2019-02-21 13:05:09.627 [main] INFO  com.sangxiang.app.App - The following profiles are active: dev
2019-02-21 13:05:11.557 [main] INFO  o.s.d.r.config.RepositoryConfigurationDelegate - Multiple Spring Data modules found, entering strict repository configuration mode!
2019-02-21 13:05:11.567 [main] INFO  o.s.d.r.config.RepositoryConfigurationDelegate - Bootstrapping Spring Data repositories in DEFAULT mode.
2019-02-21 13:05:11.635 [main] INFO  o.s.d.r.config.RepositoryConfigurationDelegate - Finished Spring Data repository scanning in 19ms. Found 0 repository interfaces.
2019-02-21 13:05:12.583 [main] INFO  o.s.c.s.PostProcessorRegistrationDelegate$BeanPostProcessorChecker - Bean 'asyncConfig' of type [com.sangxiang.app.config.AsyncConfig$$EnhancerBySpringCGLIB$$838fb03b] is not eligible for getting processed by all BeanPostProcessors (for example: not eligible for auto-proxying)
2019-02-21 13:05:12.712 [main] INFO  o.s.c.s.PostProcessorRegistrationDelegate$BeanPostProcessorChecker - Bean 'org.springframework.transaction.annotation.ProxyTransactionManagementConfiguration' of type [org.springframework.transaction.annotation.ProxyTransactionManagementConfiguration$$EnhancerBySpringCGLIB$$8d27ffbe] is not eligible for getting processed by all BeanPostProcessors (for example: not eligible for auto-proxying)
2019-02-21 13:05:14.769 [main] INFO  o.s.boot.web.embedded.tomcat.TomcatWebServer - Tomcat initialized with port(s): 8081 (http)
2019-02-21 13:05:14.809 [main] INFO  org.apache.coyote.http11.Http11NioProtocol - Initializing ProtocolHandler ["http-nio-8081"]
2019-02-21 13:05:14.940 [main] INFO  org.apache.catalina.core.StandardService - Starting service [Tomcat]
2019-02-21 13:05:14.941 [main] INFO  org.apache.catalina.core.StandardEngine - Starting Servlet Engine: Apache Tomcat/9.0.12
2019-02-21 13:05:14.971 [main] INFO  org.apache.catalina.core.AprLifecycleListener - The APR based Apache Tomcat Native library which allows optimal performance in production environments was not found on the java.library.path: [/Users/sangxiang/Library/Java/Extensions:/Library/Java/Extensions:/Network/Library/Java/Extensions:/System/Library/Java/Extensions:/usr/lib/java:.]
2019-02-21 13:05:15.477 [main] INFO  o.a.c.core.ContainerBase.[Tomcat].[localhost].[/] - Initializing Spring embedded WebApplicationContext
2019-02-21 13:05:15.478 [main] INFO  org.springframework.web.context.ContextLoader - Root WebApplicationContext: initialization completed in 5568 ms
2019-02-21 13:05:15.767 [main] INFO  o.s.boot.web.servlet.FilterRegistrationBean - Mapping filter: 'characterEncodingFilter' to: [/*]
2019-02-21 13:05:15.768 [main] INFO  o.s.boot.web.servlet.FilterRegistrationBean - Mapping filter: 'hiddenHttpMethodFilter' to: [/*]
2019-02-21 13:05:15.768 [main] INFO  o.s.boot.web.servlet.FilterRegistrationBean - Mapping filter: 'formContentFilter' to: [/*]
2019-02-21 13:05:15.768 [main] INFO  o.s.boot.web.servlet.FilterRegistrationBean - Mapping filter: 'requestContextFilter' to: [/*]
2019-02-21 13:05:15.768 [main] INFO  o.s.boot.web.servlet.FilterRegistrationBean - Mapping filter: 'myHttpLogFilter' to urls: [/*]
2019-02-21 13:05:15.768 [main] INFO  o.s.boot.web.servlet.ServletRegistrationBean - Servlet dispatcherServlet mapped to [/]
2019-02-21 13:05:20.361 [main] INFO  o.s.scheduling.concurrent.ThreadPoolTaskExecutor - Initializing ExecutorService 'applicationTaskExecutor'
2019-02-21 13:05:22.545 [main] INFO  o.s.scheduling.concurrent.ThreadPoolTaskExecutor - Initializing ExecutorService
2019-02-21 13:05:23.461 [main] INFO  org.apache.coyote.http11.Http11NioProtocol - Starting ProtocolHandler ["http-nio-8081"]
2019-02-21 13:05:23.487 [main] INFO  org.apache.tomcat.util.net.NioSelectorPool - Using a shared selector for servlet write/read
2019-02-21 13:05:23.524 [main] INFO  o.s.boot.web.embedded.tomcat.TomcatWebServer - Tomcat started on port(s): 8081 (http) with context path ''
2019-02-21 13:05:23.556 [main] INFO  com.sangxiang.app.App - Started App in 15.77 seconds (JVM running for 17.091)
2019-02-21 13:09:42.410 [http-nio-8081-exec-1] INFO  o.a.c.core.ContainerBase.[Tomcat].[localhost].[/] - Initializing Spring DispatcherServlet 'dispatcherServlet'
2019-02-21 13:09:42.412 [http-nio-8081-exec-1] INFO  org.springframework.web.servlet.DispatcherServlet - Initializing Servlet 'dispatcherServlet'
2019-02-21 13:09:42.542 [http-nio-8081-exec-1] INFO  org.springframework.web.servlet.DispatcherServlet - Completed initialization in 130 ms
2019-02-21 13:11:12.675 [http-nio-8081-exec-3] INFO  com.zaxxer.hikari.HikariDataSource - HikariPool-1 - Starting...
2019-02-21 13:11:14.293 [http-nio-8081-exec-3] INFO  com.zaxxer.hikari.HikariDataSource - HikariPool-1 - Start completed.
2019-02-21 13:11:14.902 [http-nio-8081-exec-3] INFO  com.sangxiang.app.utils.AppResult - 返回参数[{"version":1000,"cmd":"cmd","pageType":"1","respCode":"000","respMsg":"操作成功","pageSize":10,"pageNumber":1,"pages":1,"total":1,"sign":"emucoo","data":{"userToken":"rzkcfFqqRAE=","id":null,"username":null,"name":null,"password":null,"salt":null,"state":0,"mobile":null,"email":null,"createTime":null,"role":null,"money":0.0}}]
2019-02-21 13:11:15.666 [http-nio-8081-exec-4] INFO  c.sangxiang.app.controller.taobao.TaobaoController - 当前实体类不包含名为state的属性!
tk.mybatis.mapper.MapperException: 当前实体类不包含名为state的属性!
	at tk.mybatis.mapper.entity.Example$GeneratedCriteria.column(Example.java:350)
	at tk.mybatis.mapper.entity.Example$GeneratedCriteria.andEqualTo(Example.java:473)
	at tk.mybatis.mapper.entity.Example$Criteria.andEqualTo(Example.java:771)
	at com.sangxiang.dao.service.impl.TaobaoTaskServiceImpl.findPage(TaobaoTaskServiceImpl.java:61)
	at sun.reflect.NativeMethodAccessorImpl.invoke0(Native Method)
	at sun.reflect.NativeMethodAccessorImpl.invoke(NativeMethodAccessorImpl.java:62)
	at sun.reflect.DelegatingMethodAccessorImpl.invoke(DelegatingMethodAccessorImpl.java:43)
	at java.lang.reflect.Method.invoke(Method.java:498)
	at org.springframework.aop.support.AopUtils.invokeJoinpointUsingReflection(AopUtils.java:343)
	at org.springframework.aop.framework.ReflectiveMethodInvocation.invokeJoinpoint(ReflectiveMethodInvocation.java:198)
	at org.springframework.aop.framework.ReflectiveMethodInvocation.proceed(ReflectiveMethodInvocation.java:163)
	at org.springframework.transaction.interceptor.TransactionAspectSupport.invokeWithinTransaction(TransactionAspectSupport.java:294)
	at org.springframework.transaction.interceptor.TransactionInterceptor.invoke(TransactionInterceptor.java:98)
	at org.springframework.aop.framework.ReflectiveMethodInvocation.proceed(ReflectiveMethodInvocation.java:186)
	at org.springframework.aop.framework.JdkDynamicAopProxy.invoke(JdkDynamicAopProxy.java:212)
	at com.sun.proxy.$Proxy86.findPage(Unknown Source)
	at com.sangxiang.app.controller.taobao.TaobaoController.getTaoBaoHomeTask(TaobaoController.java:58)
	at sun.reflect.NativeMethodAccessorImpl.invoke0(Native Method)
	at sun.reflect.NativeMethodAccessorImpl.invoke(NativeMethodAccessorImpl.java:62)
	at sun.reflect.DelegatingMethodAccessorImpl.invoke(DelegatingMethodAccessorImpl.java:43)
	at java.lang.reflect.Method.invoke(Method.java:498)
	at org.springframework.web.method.support.InvocableHandlerMethod.doInvoke(InvocableHandlerMethod.java:215)
	at org.springframework.web.method.support.InvocableHandlerMethod.invokeForRequest(InvocableHandlerMethod.java:142)
	at org.springframework.web.servlet.mvc.method.annotation.ServletInvocableHandlerMethod.invokeAndHandle(ServletInvocableHandlerMethod.java:102)
	at org.springframework.web.servlet.mvc.method.annotation.RequestMappingHandlerAdapter.invokeHandlerMethod(RequestMappingHandlerAdapter.java:895)
	at org.springframework.web.servlet.mvc.method.annotation.RequestMappingHandlerAdapter.handleInternal(RequestMappingHandlerAdapter.java:800)
	at org.springframework.web.servlet.mvc.method.AbstractHandlerMethodAdapter.handle(AbstractHandlerMethodAdapter.java:87)
	at org.springframework.web.servlet.DispatcherServlet.doDispatch(DispatcherServlet.java:1038)
	at org.springframework.web.servlet.DispatcherServlet.doService(DispatcherServlet.java:942)
	at org.springframework.web.servlet.FrameworkServlet.processRequest(FrameworkServlet.java:998)
	at org.springframework.web.servlet.FrameworkServlet.doPost(FrameworkServlet.java:901)
	at javax.servlet.http.HttpServlet.service(HttpServlet.java:660)
	at org.springframework.web.servlet.FrameworkServlet.service(FrameworkServlet.java:875)
	at javax.servlet.http.HttpServlet.service(HttpServlet.java:741)
	at org.apache.catalina.core.ApplicationFilterChain.internalDoFilter(ApplicationFilterChain.java:231)
	at org.apache.catalina.core.ApplicationFilterChain.doFilter(ApplicationFilterChain.java:166)
	at org.apache.tomcat.websocket.server.WsFilter.doFilter(WsFilter.java:53)
	at org.apache.catalina.core.ApplicationFilterChain.internalDoFilter(ApplicationFilterChain.java:193)
	at org.apache.catalina.core.ApplicationFilterChain.doFilter(ApplicationFilterChain.java:166)
	at com.sangxiang.util.MyHttpLogFilter.doFilter(MyHttpLogFilter.java:17)
	at org.apache.catalina.core.ApplicationFilterChain.internalDoFilter(ApplicationFilterChain.java:193)
	at org.apache.catalina.core.ApplicationFilterChain.doFilter(ApplicationFilterChain.java:166)
	at org.springframework.web.filter.RequestContextFilter.doFilterInternal(RequestContextFilter.java:99)
	at org.springframework.web.filter.OncePerRequestFilter.doFilter(OncePerRequestFilter.java:107)
	at org.apache.catalina.core.ApplicationFilterChain.internalDoFilter(ApplicationFilterChain.java:193)
	at org.apache.catalina.core.ApplicationFilterChain.doFilter(ApplicationFilterChain.java:166)
	at org.springframework.web.filter.FormContentFilter.doFilterInternal(FormContentFilter.java:92)
	at org.springframework.web.filter.OncePerRequestFilter.doFilter(OncePerRequestFilter.java:107)
	at org.apache.catalina.core.ApplicationFilterChain.internalDoFilter(ApplicationFilterChain.java:193)
	at org.apache.catalina.core.ApplicationFilterChain.doFilter(ApplicationFilterChain.java:166)
	at org.springframework.web.filter.HiddenHttpMethodFilter.doFilterInternal(HiddenHttpMethodFilter.java:93)
	at org.springframework.web.filter.OncePerRequestFilter.doFilter(OncePerRequestFilter.java:107)
	at org.apache.catalina.core.ApplicationFilterChain.internalDoFilter(ApplicationFilterChain.java:193)
	at org.apache.catalina.core.ApplicationFilterChain.doFilter(ApplicationFilterChain.java:166)
	at org.springframework.web.filter.CharacterEncodingFilter.doFilterInternal(CharacterEncodingFilter.java:200)
	at org.springframework.web.filter.OncePerRequestFilter.doFilter(OncePerRequestFilter.java:107)
	at org.apache.catalina.core.ApplicationFilterChain.internalDoFilter(ApplicationFilterChain.java:193)
	at org.apache.catalina.core.ApplicationFilterChain.doFilter(ApplicationFilterChain.java:166)
	at org.apache.catalina.core.StandardWrapperValve.invoke(StandardWrapperValve.java:199)
	at org.apache.catalina.core.StandardContextValve.invoke(StandardContextValve.java:96)
	at org.apache.catalina.authenticator.AuthenticatorBase.invoke(AuthenticatorBase.java:490)
	at org.apache.catalina.core.StandardHostValve.invoke(StandardHostValve.java:139)
	at org.apache.catalina.valves.ErrorReportValve.invoke(ErrorReportValve.java:92)
	at org.apache.catalina.core.StandardEngineValve.invoke(StandardEngineValve.java:74)
	at org.apache.catalina.connector.CoyoteAdapter.service(CoyoteAdapter.java:343)
	at org.apache.coyote.http11.Http11Processor.service(Http11Processor.java:408)
	at org.apache.coyote.AbstractProcessorLight.process(AbstractProcessorLight.java:66)
	at org.apache.coyote.AbstractProtocol$ConnectionHandler.process(AbstractProtocol.java:770)
	at org.apache.tomcat.util.net.NioEndpoint$SocketProcessor.doRun(NioEndpoint.java:1415)
	at org.apache.tomcat.util.net.SocketProcessorBase.run(SocketProcessorBase.java:49)
	at java.util.concurrent.ThreadPoolExecutor.runWorker(ThreadPoolExecutor.java:1149)
	at java.util.concurrent.ThreadPoolExecutor$Worker.run(ThreadPoolExecutor.java:624)
	at org.apache.tomcat.util.threads.TaskThread$WrappingRunnable.run(TaskThread.java:61)
	at java.lang.Thread.run(Thread.java:748)
2019-02-21 13:11:15.688 [http-nio-8081-exec-4] INFO  com.sangxiang.app.utils.AppResult - 返回参数[{"version":1000,"cmd":"cmd","pageType":"1","respCode":"500","respMsg":"操作失败：系统繁忙，请稍后再试！","pageSize":10,"pageNumber":1,"pages":1,"total":1,"sign":"emucoo","data":null}]
2019-02-21 13:13:29.767 [Thread-3] INFO  o.s.scheduling.concurrent.ThreadPoolTaskExecutor - Shutting down ExecutorService
2019-02-21 13:13:29.785 [Thread-3] INFO  o.s.scheduling.concurrent.ThreadPoolTaskExecutor - Shutting down ExecutorService 'applicationTaskExecutor'
2019-02-21 13:13:29.793 [Thread-3] INFO  com.zaxxer.hikari.HikariDataSource - HikariPool-1 - Shutdown initiated...
2019-02-21 13:13:29.820 [Thread-3] INFO  com.zaxxer.hikari.HikariDataSource - HikariPool-1 - Shutdown completed.
2019-02-21 13:13:39.836 [main] INFO  com.sangxiang.app.App - Starting App on sangxiangMBP with PID 5490 (/Users/sangxiang/Desktop/web-server/shuadan/app/target/classes started by sangxiang in /Users/sangxiang/Desktop/web-server/shuadan)
2019-02-21 13:13:39.849 [main] INFO  com.sangxiang.app.App - The following profiles are active: dev
2019-02-21 13:13:42.296 [main] INFO  o.s.d.r.config.RepositoryConfigurationDelegate - Multiple Spring Data modules found, entering strict repository configuration mode!
2019-02-21 13:13:42.303 [main] INFO  o.s.d.r.config.RepositoryConfigurationDelegate - Bootstrapping Spring Data repositories in DEFAULT mode.
2019-02-21 13:13:42.380 [main] INFO  o.s.d.r.config.RepositoryConfigurationDelegate - Finished Spring Data repository scanning in 20ms. Found 0 repository interfaces.
2019-02-21 13:13:43.011 [main] INFO  o.s.c.s.PostProcessorRegistrationDelegate$BeanPostProcessorChecker - Bean 'asyncConfig' of type [com.sangxiang.app.config.AsyncConfig$$EnhancerBySpringCGLIB$$6ad1b8ed] is not eligible for getting processed by all BeanPostProcessors (for example: not eligible for auto-proxying)
2019-02-21 13:13:43.329 [main] INFO  o.s.c.s.PostProcessorRegistrationDelegate$BeanPostProcessorChecker - Bean 'org.springframework.transaction.annotation.ProxyTransactionManagementConfiguration' of type [org.springframework.transaction.annotation.ProxyTransactionManagementConfiguration$$EnhancerBySpringCGLIB$$746a0870] is not eligible for getting processed by all BeanPostProcessors (for example: not eligible for auto-proxying)
2019-02-21 13:13:44.537 [main] INFO  o.s.boot.web.embedded.tomcat.TomcatWebServer - Tomcat initialized with port(s): 8081 (http)
2019-02-21 13:13:44.562 [main] INFO  org.apache.coyote.http11.Http11NioProtocol - Initializing ProtocolHandler ["http-nio-8081"]
2019-02-21 13:13:44.576 [main] INFO  org.apache.catalina.core.StandardService - Starting service [Tomcat]
2019-02-21 13:13:44.576 [main] INFO  org.apache.catalina.core.StandardEngine - Starting Servlet Engine: Apache Tomcat/9.0.12
2019-02-21 13:13:44.598 [main] INFO  org.apache.catalina.core.AprLifecycleListener - The APR based Apache Tomcat Native library which allows optimal performance in production environments was not found on the java.library.path: [/Users/sangxiang/Library/Java/Extensions:/Library/Java/Extensions:/Network/Library/Java/Extensions:/System/Library/Java/Extensions:/usr/lib/java:.]
2019-02-21 13:13:44.915 [main] INFO  o.a.c.core.ContainerBase.[Tomcat].[localhost].[/] - Initializing Spring embedded WebApplicationContext
2019-02-21 13:13:44.916 [main] INFO  org.springframework.web.context.ContextLoader - Root WebApplicationContext: initialization completed in 4902 ms
2019-02-21 13:13:45.000 [main] INFO  o.s.boot.web.servlet.FilterRegistrationBean - Mapping filter: 'characterEncodingFilter' to: [/*]
2019-02-21 13:13:45.001 [main] INFO  o.s.boot.web.servlet.FilterRegistrationBean - Mapping filter: 'hiddenHttpMethodFilter' to: [/*]
2019-02-21 13:13:45.001 [main] INFO  o.s.boot.web.servlet.FilterRegistrationBean - Mapping filter: 'formContentFilter' to: [/*]
2019-02-21 13:13:45.001 [main] INFO  o.s.boot.web.servlet.FilterRegistrationBean - Mapping filter: 'requestContextFilter' to: [/*]
2019-02-21 13:13:45.001 [main] INFO  o.s.boot.web.servlet.FilterRegistrationBean - Mapping filter: 'myHttpLogFilter' to urls: [/*]
2019-02-21 13:13:45.001 [main] INFO  o.s.boot.web.servlet.ServletRegistrationBean - Servlet dispatcherServlet mapped to [/]
2019-02-21 13:13:47.827 [main] INFO  o.s.scheduling.concurrent.ThreadPoolTaskExecutor - Initializing ExecutorService 'applicationTaskExecutor'
2019-02-21 13:13:50.370 [main] INFO  o.s.scheduling.concurrent.ThreadPoolTaskExecutor - Initializing ExecutorService
2019-02-21 13:13:51.276 [main] INFO  org.apache.coyote.http11.Http11NioProtocol - Starting ProtocolHandler ["http-nio-8081"]
2019-02-21 13:13:51.307 [main] INFO  org.apache.tomcat.util.net.NioSelectorPool - Using a shared selector for servlet write/read
2019-02-21 13:13:51.335 [main] INFO  o.s.boot.web.embedded.tomcat.TomcatWebServer - Tomcat started on port(s): 8081 (http) with context path ''
2019-02-21 13:13:51.340 [main] INFO  com.sangxiang.app.App - Started App in 13.133 seconds (JVM running for 14.205)
2019-02-21 13:13:58.910 [http-nio-8081-exec-1] INFO  o.a.c.core.ContainerBase.[Tomcat].[localhost].[/] - Initializing Spring DispatcherServlet 'dispatcherServlet'
2019-02-21 13:13:58.910 [http-nio-8081-exec-1] INFO  org.springframework.web.servlet.DispatcherServlet - Initializing Servlet 'dispatcherServlet'
2019-02-21 13:13:58.957 [http-nio-8081-exec-1] INFO  org.springframework.web.servlet.DispatcherServlet - Completed initialization in 47 ms
2019-02-21 13:13:59.286 [http-nio-8081-exec-1] INFO  com.zaxxer.hikari.HikariDataSource - HikariPool-1 - Starting...
2019-02-21 13:14:00.139 [http-nio-8081-exec-1] INFO  com.zaxxer.hikari.HikariDataSource - HikariPool-1 - Start completed.
2019-02-21 13:14:01.202 [http-nio-8081-exec-1] INFO  com.sangxiang.app.utils.AppResult - 返回参数[{"version":1000,"cmd":"cmd","pageType":"1","respCode":"000","respMsg":"操作成功","pageSize":10,"pageNumber":1,"pages":1,"total":1,"sign":"emucoo","data":{"userToken":"rzkcfFqqRAE=","id":null,"username":null,"name":null,"password":null,"salt":null,"state":0,"mobile":null,"email":null,"createTime":null,"role":null,"money":0.0}}]
2019-02-21 13:14:02.936 [http-nio-8081-exec-2] INFO  com.sangxiang.app.utils.AppResult - 返回参数[{"version":1000,"cmd":"cmd","pageType":"1","respCode":"000","respMsg":"操作成功","pageSize":10,"pageNumber":1,"pages":1,"total":1,"sign":"emucoo","data":{"pageNum":1,"pageSize":10,"size":0,"startRow":0,"endRow":0,"total":0,"pages":0,"list":[],"prePage":0,"nextPage":0,"isFirstPage":true,"isLastPage":true,"hasPreviousPage":false,"hasNextPage":false,"navigatePages":8,"navigatepageNums":[],"navigateFirstPage":0,"navigateLastPage":0,"firstPage":0,"lastPage":0}}]
2019-02-21 13:16:37.246 [Thread-3] INFO  o.s.scheduling.concurrent.ThreadPoolTaskExecutor - Shutting down ExecutorService
2019-02-21 13:16:37.272 [Thread-3] INFO  o.s.scheduling.concurrent.ThreadPoolTaskExecutor - Shutting down ExecutorService 'applicationTaskExecutor'
2019-02-21 13:16:37.287 [Thread-3] INFO  com.zaxxer.hikari.HikariDataSource - HikariPool-1 - Shutdown initiated...
2019-02-21 13:16:37.440 [Thread-3] INFO  com.zaxxer.hikari.HikariDataSource - HikariPool-1 - Shutdown completed.
2019-02-21 13:16:59.777 [main] INFO  com.sangxiang.app.App - Starting App on sangxiangMBP with PID 5563 (/Users/sangxiang/Desktop/web-server/shuadan/app/target/classes started by sangxiang in /Users/sangxiang/Desktop/web-server/shuadan)
2019-02-21 13:16:59.787 [main] INFO  com.sangxiang.app.App - The following profiles are active: dev
2019-02-21 13:17:04.968 [main] INFO  o.s.d.r.config.RepositoryConfigurationDelegate - Multiple Spring Data modules found, entering strict repository configuration mode!
2019-02-21 13:17:05.072 [main] INFO  o.s.d.r.config.RepositoryConfigurationDelegate - Bootstrapping Spring Data repositories in DEFAULT mode.
2019-02-21 13:17:05.353 [main] INFO  o.s.d.r.config.RepositoryConfigurationDelegate - Finished Spring Data repository scanning in 178ms. Found 0 repository interfaces.
2019-02-21 13:17:07.376 [main] INFO  o.s.c.s.PostProcessorRegistrationDelegate$BeanPostProcessorChecker - Bean 'asyncConfig' of type [com.sangxiang.app.config.AsyncConfig$$EnhancerBySpringCGLIB$$f043d292] is not eligible for getting processed by all BeanPostProcessors (for example: not eligible for auto-proxying)
2019-02-21 13:17:07.885 [main] INFO  o.s.c.s.PostProcessorRegistrationDelegate$BeanPostProcessorChecker - Bean 'org.springframework.transaction.annotation.ProxyTransactionManagementConfiguration' of type [org.springframework.transaction.annotation.ProxyTransactionManagementConfiguration$$EnhancerBySpringCGLIB$$f9dc2215] is not eligible for getting processed by all BeanPostProcessors (for example: not eligible for auto-proxying)
2019-02-21 13:17:10.345 [main] INFO  o.s.boot.web.embedded.tomcat.TomcatWebServer - Tomcat initialized with port(s): 8081 (http)
2019-02-21 13:17:10.432 [main] INFO  org.apache.coyote.http11.Http11NioProtocol - Initializing ProtocolHandler ["http-nio-8081"]
2019-02-21 13:17:10.459 [main] INFO  org.apache.catalina.core.StandardService - Starting service [Tomcat]
2019-02-21 13:17:10.459 [main] INFO  org.apache.catalina.core.StandardEngine - Starting Servlet Engine: Apache Tomcat/9.0.12
2019-02-21 13:17:10.563 [main] INFO  org.apache.catalina.core.AprLifecycleListener - The APR based Apache Tomcat Native library which allows optimal performance in production environments was not found on the java.library.path: [/Users/sangxiang/Library/Java/Extensions:/Library/Java/Extensions:/Network/Library/Java/Extensions:/System/Library/Java/Extensions:/usr/lib/java:.]
2019-02-21 13:17:11.259 [main] INFO  o.a.c.core.ContainerBase.[Tomcat].[localhost].[/] - Initializing Spring embedded WebApplicationContext
2019-02-21 13:17:11.268 [main] INFO  org.springframework.web.context.ContextLoader - Root WebApplicationContext: initialization completed in 11105 ms
2019-02-21 13:17:11.570 [main] INFO  o.s.boot.web.servlet.FilterRegistrationBean - Mapping filter: 'characterEncodingFilter' to: [/*]
2019-02-21 13:17:11.570 [main] INFO  o.s.boot.web.servlet.FilterRegistrationBean - Mapping filter: 'hiddenHttpMethodFilter' to: [/*]
2019-02-21 13:17:11.571 [main] INFO  o.s.boot.web.servlet.FilterRegistrationBean - Mapping filter: 'formContentFilter' to: [/*]
2019-02-21 13:17:11.571 [main] INFO  o.s.boot.web.servlet.FilterRegistrationBean - Mapping filter: 'requestContextFilter' to: [/*]
2019-02-21 13:17:11.571 [main] INFO  o.s.boot.web.servlet.FilterRegistrationBean - Mapping filter: 'myHttpLogFilter' to urls: [/*]
2019-02-21 13:17:11.573 [main] INFO  o.s.boot.web.servlet.ServletRegistrationBean - Servlet dispatcherServlet mapped to [/]
2019-02-21 13:17:17.736 [main] INFO  o.s.scheduling.concurrent.ThreadPoolTaskExecutor - Initializing ExecutorService 'applicationTaskExecutor'
2019-02-21 13:17:22.489 [main] INFO  o.s.scheduling.concurrent.ThreadPoolTaskExecutor - Initializing ExecutorService
2019-02-21 13:17:24.022 [main] INFO  org.apache.coyote.http11.Http11NioProtocol - Starting ProtocolHandler ["http-nio-8081"]
2019-02-21 13:17:24.275 [main] INFO  org.apache.tomcat.util.net.NioSelectorPool - Using a shared selector for servlet write/read
2019-02-21 13:17:24.305 [main] INFO  o.s.boot.web.embedded.tomcat.TomcatWebServer - Tomcat started on port(s): 8081 (http) with context path ''
2019-02-21 13:17:24.310 [main] INFO  com.sangxiang.app.App - Started App in 28.216 seconds (JVM running for 30.621)
2019-02-21 13:18:26.673 [http-nio-8081-exec-1] INFO  o.a.c.core.ContainerBase.[Tomcat].[localhost].[/] - Initializing Spring DispatcherServlet 'dispatcherServlet'
2019-02-21 13:18:26.676 [http-nio-8081-exec-1] INFO  org.springframework.web.servlet.DispatcherServlet - Initializing Servlet 'dispatcherServlet'
2019-02-21 13:18:26.758 [http-nio-8081-exec-1] INFO  org.springframework.web.servlet.DispatcherServlet - Completed initialization in 82 ms
2019-02-21 13:18:28.184 [http-nio-8081-exec-1] INFO  com.zaxxer.hikari.HikariDataSource - HikariPool-1 - Starting...
2019-02-21 13:18:29.310 [http-nio-8081-exec-1] INFO  com.zaxxer.hikari.HikariDataSource - HikariPool-1 - Start completed.
2019-02-21 13:18:31.402 [http-nio-8081-exec-1] INFO  com.sangxiang.app.utils.AppResult - 返回参数[{"version":1000,"cmd":"cmd","pageType":"1","respCode":"000","respMsg":"操作成功","pageSize":10,"pageNumber":1,"pages":1,"total":1,"sign":"emucoo","data":{"pageNum":1,"pageSize":10,"size":2,"startRow":1,"endRow":2,"total":2,"pages":1,"list":[{"id":3,"userid":1,"createTime":1550656552000,"sousuoguanjianzi":"111","zhangguiming":"111","shangpinlianjie":"111","shangpinjiage":11.0,"shuadanshuliang":11,"shuadanyongjin":11.0,"renqunbiaoqian":"11","jialiao":false,"liulanqita":false,"tingliushichang":false,"daituhaoping":false,"huobisanjia":false,"zhenshiqianshou":false,"totalPrice":176.0,"status":true},{"id":2,"userid":1,"createTime":1550656263000,"sousuoguanjianzi":"111","zhangguiming":"111","shangpinlianjie":"111","shangpinjiage":11.0,"shuadanshuliang":11,"shuadanyongjin":11.0,"renqunbiaoqian":"11","jialiao":false,"liulanqita":false,"tingliushichang":false,"daituhaoping":false,"huobisanjia":false,"zhenshiqianshou":false,"totalPrice":176.0,"status":true}],"prePage":0,"nextPage":0,"isFirstPage":true,"isLastPage":true,"hasPreviousPage":false,"hasNextPage":false,"navigatePages":8,"navigatepageNums":[1],"navigateFirstPage":1,"navigateLastPage":1,"firstPage":1,"lastPage":1}}]
2019-02-21 13:20:46.065 [Thread-3] INFO  o.s.scheduling.concurrent.ThreadPoolTaskExecutor - Shutting down ExecutorService
2019-02-21 13:20:46.085 [Thread-3] INFO  o.s.scheduling.concurrent.ThreadPoolTaskExecutor - Shutting down ExecutorService 'applicationTaskExecutor'
2019-02-21 13:20:46.095 [Thread-3] INFO  com.zaxxer.hikari.HikariDataSource - HikariPool-1 - Shutdown initiated...
2019-02-21 13:20:46.134 [Thread-3] INFO  com.zaxxer.hikari.HikariDataSource - HikariPool-1 - Shutdown completed.
2019-02-21 13:20:57.903 [main] INFO  com.sangxiang.app.App - Starting App on sangxiangMBP with PID 5658 (/Users/sangxiang/Desktop/web-server/shuadan/app/target/classes started by sangxiang in /Users/sangxiang/Desktop/web-server/shuadan)
2019-02-21 13:20:57.906 [main] INFO  com.sangxiang.app.App - The following profiles are active: dev
2019-02-21 13:21:00.174 [main] INFO  o.s.d.r.config.RepositoryConfigurationDelegate - Multiple Spring Data modules found, entering strict repository configuration mode!
2019-02-21 13:21:00.179 [main] INFO  o.s.d.r.config.RepositoryConfigurationDelegate - Bootstrapping Spring Data repositories in DEFAULT mode.
2019-02-21 13:21:00.316 [main] INFO  o.s.d.r.config.RepositoryConfigurationDelegate - Finished Spring Data repository scanning in 29ms. Found 0 repository interfaces.
2019-02-21 13:21:01.674 [main] INFO  o.s.c.s.PostProcessorRegistrationDelegate$BeanPostProcessorChecker - Bean 'asyncConfig' of type [com.sangxiang.app.config.AsyncConfig$$EnhancerBySpringCGLIB$$20b0ed1d] is not eligible for getting processed by all BeanPostProcessors (for example: not eligible for auto-proxying)
2019-02-21 13:21:02.003 [main] INFO  o.s.c.s.PostProcessorRegistrationDelegate$BeanPostProcessorChecker - Bean 'org.springframework.transaction.annotation.ProxyTransactionManagementConfiguration' of type [org.springframework.transaction.annotation.ProxyTransactionManagementConfiguration$$EnhancerBySpringCGLIB$$2a493ca0] is not eligible for getting processed by all BeanPostProcessors (for example: not eligible for auto-proxying)
2019-02-21 13:21:03.672 [main] INFO  o.s.boot.web.embedded.tomcat.TomcatWebServer - Tomcat initialized with port(s): 8081 (http)
2019-02-21 13:21:03.726 [main] INFO  org.apache.coyote.http11.Http11NioProtocol - Initializing ProtocolHandler ["http-nio-8081"]
2019-02-21 13:21:03.757 [main] INFO  org.apache.catalina.core.StandardService - Starting service [Tomcat]
2019-02-21 13:21:03.758 [main] INFO  org.apache.catalina.core.StandardEngine - Starting Servlet Engine: Apache Tomcat/9.0.12
2019-02-21 13:21:03.776 [main] INFO  org.apache.catalina.core.AprLifecycleListener - The APR based Apache Tomcat Native library which allows optimal performance in production environments was not found on the java.library.path: [/Users/sangxiang/Library/Java/Extensions:/Library/Java/Extensions:/Network/Library/Java/Extensions:/System/Library/Java/Extensions:/usr/lib/java:.]
2019-02-21 13:21:04.077 [main] INFO  o.a.c.core.ContainerBase.[Tomcat].[localhost].[/] - Initializing Spring embedded WebApplicationContext
2019-02-21 13:21:04.077 [main] INFO  org.springframework.web.context.ContextLoader - Root WebApplicationContext: initialization completed in 5960 ms
2019-02-21 13:21:04.166 [main] INFO  o.s.boot.web.servlet.FilterRegistrationBean - Mapping filter: 'characterEncodingFilter' to: [/*]
2019-02-21 13:21:04.166 [main] INFO  o.s.boot.web.servlet.FilterRegistrationBean - Mapping filter: 'hiddenHttpMethodFilter' to: [/*]
2019-02-21 13:21:04.166 [main] INFO  o.s.boot.web.servlet.FilterRegistrationBean - Mapping filter: 'formContentFilter' to: [/*]
2019-02-21 13:21:04.166 [main] INFO  o.s.boot.web.servlet.FilterRegistrationBean - Mapping filter: 'requestContextFilter' to: [/*]
2019-02-21 13:21:04.167 [main] INFO  o.s.boot.web.servlet.FilterRegistrationBean - Mapping filter: 'myHttpLogFilter' to urls: [/*]
2019-02-21 13:21:04.167 [main] INFO  o.s.boot.web.servlet.ServletRegistrationBean - Servlet dispatcherServlet mapped to [/]
2019-02-21 13:21:07.686 [main] INFO  o.s.scheduling.concurrent.ThreadPoolTaskExecutor - Initializing ExecutorService 'applicationTaskExecutor'
2019-02-21 13:21:10.554 [main] INFO  o.s.scheduling.concurrent.ThreadPoolTaskExecutor - Initializing ExecutorService
2019-02-21 13:21:11.954 [main] INFO  org.apache.coyote.http11.Http11NioProtocol - Starting ProtocolHandler ["http-nio-8081"]
2019-02-21 13:21:12.020 [main] INFO  org.apache.tomcat.util.net.NioSelectorPool - Using a shared selector for servlet write/read
2019-02-21 13:21:12.053 [main] INFO  o.s.boot.web.embedded.tomcat.TomcatWebServer - Tomcat started on port(s): 8081 (http) with context path ''
2019-02-21 13:21:12.059 [main] INFO  com.sangxiang.app.App - Started App in 15.749 seconds (JVM running for 16.876)
2019-02-21 13:21:28.905 [http-nio-8081-exec-1] INFO  o.a.c.core.ContainerBase.[Tomcat].[localhost].[/] - Initializing Spring DispatcherServlet 'dispatcherServlet'
2019-02-21 13:21:28.905 [http-nio-8081-exec-1] INFO  org.springframework.web.servlet.DispatcherServlet - Initializing Servlet 'dispatcherServlet'
2019-02-21 13:21:29.021 [http-nio-8081-exec-1] INFO  org.springframework.web.servlet.DispatcherServlet - Completed initialization in 116 ms
2019-02-21 13:21:29.304 [http-nio-8081-exec-1] INFO  com.zaxxer.hikari.HikariDataSource - HikariPool-1 - Starting...
2019-02-21 13:21:30.585 [http-nio-8081-exec-1] INFO  com.zaxxer.hikari.HikariDataSource - HikariPool-1 - Start completed.
2019-02-21 13:21:31.249 [http-nio-8081-exec-1] INFO  com.sangxiang.app.utils.AppResult - 返回参数[{"version":1000,"cmd":"cmd","pageType":"1","respCode":"000","respMsg":"操作成功","pageSize":10,"pageNumber":1,"pages":1,"total":1,"sign":"emucoo","data":{"userToken":"rzkcfFqqRAE=","id":null,"username":null,"name":null,"password":null,"salt":null,"state":0,"mobile":null,"email":null,"createTime":null,"role":null,"money":0.0}}]
2019-02-21 13:21:32.645 [http-nio-8081-exec-2] INFO  com.sangxiang.app.utils.AppResult - 返回参数[{"version":1000,"cmd":"cmd","pageType":"1","respCode":"000","respMsg":"操作成功","pageSize":10,"pageNumber":1,"pages":1,"total":1,"sign":"emucoo","data":[{"id":3,"userid":1,"createTime":1550656552000,"sousuoguanjianzi":"111","zhangguiming":"111","shangpinlianjie":"111","shangpinjiage":11.0,"shuadanshuliang":11,"shuadanyongjin":11.0,"renqunbiaoqian":"11","jialiao":false,"liulanqita":false,"tingliushichang":false,"daituhaoping":false,"huobisanjia":false,"zhenshiqianshou":false,"totalPrice":176.0,"status":true},{"id":2,"userid":1,"createTime":1550656263000,"sousuoguanjianzi":"111","zhangguiming":"111","shangpinlianjie":"111","shangpinjiage":11.0,"shuadanshuliang":11,"shuadanyongjin":11.0,"renqunbiaoqian":"11","jialiao":false,"liulanqita":false,"tingliushichang":false,"daituhaoping":false,"huobisanjia":false,"zhenshiqianshou":false,"totalPrice":176.0,"status":true}]}]
2019-02-21 13:25:07.493 [http-nio-8081-exec-4] INFO  com.sangxiang.app.utils.AppResult - 返回参数[{"version":1000,"cmd":"cmd","pageType":"1","respCode":"000","respMsg":"操作成功","pageSize":10,"pageNumber":1,"pages":1,"total":1,"sign":"emucoo","data":[{"id":3,"userid":1,"createTime":1550656552000,"sousuoguanjianzi":"111","zhangguiming":"111","shangpinlianjie":"111","shangpinjiage":11.0,"shuadanshuliang":11,"shuadanyongjin":11.0,"renqunbiaoqian":"11","jialiao":false,"liulanqita":false,"tingliushichang":false,"daituhaoping":false,"huobisanjia":false,"zhenshiqianshou":false,"totalPrice":176.0,"status":true},{"id":2,"userid":1,"createTime":1550656263000,"sousuoguanjianzi":"111","zhangguiming":"111","shangpinlianjie":"111","shangpinjiage":11.0,"shuadanshuliang":11,"shuadanyongjin":11.0,"renqunbiaoqian":"11","jialiao":false,"liulanqita":false,"tingliushichang":false,"daituhaoping":false,"huobisanjia":false,"zhenshiqianshou":false,"totalPrice":176.0,"status":true}]}]
2019-02-21 13:37:28.854 [http-nio-8081-exec-6] INFO  com.sangxiang.app.utils.AppResult - 返回参数[{"version":1000,"cmd":"cmd","pageType":"1","respCode":"000","respMsg":"操作成功","pageSize":10,"pageNumber":1,"pages":1,"total":1,"sign":"emucoo","data":[{"id":3,"userid":1,"createTime":1550656552000,"sousuoguanjianzi":"111","zhangguiming":"111","shangpinlianjie":"111","shangpinjiage":11.0,"shuadanshuliang":11,"shuadanyongjin":11.0,"renqunbiaoqian":"11","jialiao":false,"liulanqita":false,"tingliushichang":false,"daituhaoping":false,"huobisanjia":false,"zhenshiqianshou":false,"totalPrice":176.0,"status":true},{"id":2,"userid":1,"createTime":1550656263000,"sousuoguanjianzi":"111","zhangguiming":"111","shangpinlianjie":"111","shangpinjiage":11.0,"shuadanshuliang":11,"shuadanyongjin":11.0,"renqunbiaoqian":"11","jialiao":false,"liulanqita":false,"tingliushichang":false,"daituhaoping":false,"huobisanjia":false,"zhenshiqianshou":false,"totalPrice":176.0,"status":true}]}]
2019-02-21 13:37:29.041 [http-nio-8081-exec-7] INFO  com.sangxiang.app.utils.AppResult - 返回参数[{"version":1000,"cmd":"cmd","pageType":"1","respCode":"000","respMsg":"操作成功","pageSize":10,"pageNumber":1,"pages":1,"total":1,"sign":"emucoo","data":[{"id":3,"userid":1,"createTime":1550656552000,"sousuoguanjianzi":"111","zhangguiming":"111","shangpinlianjie":"111","shangpinjiage":11.0,"shuadanshuliang":11,"shuadanyongjin":11.0,"renqunbiaoqian":"11","jialiao":false,"liulanqita":false,"tingliushichang":false,"daituhaoping":false,"huobisanjia":false,"zhenshiqianshou":false,"totalPrice":176.0,"status":true},{"id":2,"userid":1,"createTime":1550656263000,"sousuoguanjianzi":"111","zhangguiming":"111","shangpinlianjie":"111","shangpinjiage":11.0,"shuadanshuliang":11,"shuadanyongjin":11.0,"renqunbiaoqian":"11","jialiao":false,"liulanqita":false,"tingliushichang":false,"daituhaoping":false,"huobisanjia":false,"zhenshiqianshou":false,"totalPrice":176.0,"status":true}]}]
2019-02-21 13:41:14.736 [http-nio-8081-exec-9] INFO  com.sangxiang.app.utils.AppResult - 返回参数[{"version":1000,"cmd":"cmd","pageType":"1","respCode":"000","respMsg":"操作成功","pageSize":10,"pageNumber":1,"pages":1,"total":1,"sign":"emucoo","data":[{"id":3,"userid":1,"createTime":1550656552000,"sousuoguanjianzi":"111","zhangguiming":"111","shangpinlianjie":"111","shangpinjiage":11.0,"shuadanshuliang":11,"shuadanyongjin":11.0,"renqunbiaoqian":"11","jialiao":false,"liulanqita":false,"tingliushichang":false,"daituhaoping":false,"huobisanjia":false,"zhenshiqianshou":false,"totalPrice":176.0,"status":true},{"id":2,"userid":1,"createTime":1550656263000,"sousuoguanjianzi":"111","zhangguiming":"111","shangpinlianjie":"111","shangpinjiage":11.0,"shuadanshuliang":11,"shuadanyongjin":11.0,"renqunbiaoqian":"11","jialiao":false,"liulanqita":false,"tingliushichang":false,"daituhaoping":false,"huobisanjia":false,"zhenshiqianshou":false,"totalPrice":176.0,"status":true}]}]
2019-02-21 13:54:31.057 [http-nio-8081-exec-1] INFO  com.sangxiang.app.utils.AppResult - 返回参数[{"version":1000,"cmd":"cmd","pageType":"1","respCode":"000","respMsg":"操作成功","pageSize":10,"pageNumber":1,"pages":1,"total":1,"sign":"emucoo","data":[{"id":3,"userid":1,"createTime":1550656552000,"sousuoguanjianzi":"111","zhangguiming":"111","shangpinlianjie":"111","shangpinjiage":11.0,"shuadanshuliang":11,"shuadanyongjin":11.0,"renqunbiaoqian":"11","jialiao":false,"liulanqita":false,"tingliushichang":false,"daituhaoping":false,"huobisanjia":false,"zhenshiqianshou":false,"totalPrice":176.0,"status":true},{"id":2,"userid":1,"createTime":1550656263000,"sousuoguanjianzi":"111","zhangguiming":"111","shangpinlianjie":"111","shangpinjiage":11.0,"shuadanshuliang":11,"shuadanyongjin":11.0,"renqunbiaoqian":"11","jialiao":false,"liulanqita":false,"tingliushichang":false,"daituhaoping":false,"huobisanjia":false,"zhenshiqianshou":false,"totalPrice":176.0,"status":true}]}]
2019-02-21 13:57:40.462 [http-nio-8081-exec-3] INFO  com.sangxiang.app.utils.AppResult - 返回参数[{"version":1000,"cmd":"cmd","pageType":"1","respCode":"000","respMsg":"操作成功","pageSize":10,"pageNumber":1,"pages":1,"total":1,"sign":"emucoo","data":[{"id":3,"userid":1,"createTime":1550656552000,"sousuoguanjianzi":"111","zhangguiming":"111","shangpinlianjie":"111","shangpinjiage":11.0,"shuadanshuliang":11,"shuadanyongjin":11.0,"renqunbiaoqian":"11","jialiao":false,"liulanqita":false,"tingliushichang":false,"daituhaoping":false,"huobisanjia":false,"zhenshiqianshou":false,"totalPrice":176.0,"status":true},{"id":2,"userid":1,"createTime":1550656263000,"sousuoguanjianzi":"111","zhangguiming":"111","shangpinlianjie":"111","shangpinjiage":11.0,"shuadanshuliang":11,"shuadanyongjin":11.0,"renqunbiaoqian":"11","jialiao":false,"liulanqita":false,"tingliushichang":false,"daituhaoping":false,"huobisanjia":false,"zhenshiqianshou":false,"totalPrice":176.0,"status":true}]}]
2019-02-21 14:05:28.653 [http-nio-8081-exec-5] INFO  com.sangxiang.app.utils.AppResult - 返回参数[{"version":1000,"cmd":"cmd","pageType":"1","respCode":"000","respMsg":"操作成功","pageSize":10,"pageNumber":1,"pages":1,"total":1,"sign":"emucoo","data":[{"id":3,"userid":1,"createTime":1550656552000,"sousuoguanjianzi":"111","zhangguiming":"111","shangpinlianjie":"111","shangpinjiage":11.0,"shuadanshuliang":11,"shuadanyongjin":11.0,"renqunbiaoqian":"11","jialiao":false,"liulanqita":false,"tingliushichang":false,"daituhaoping":false,"huobisanjia":false,"zhenshiqianshou":false,"totalPrice":176.0,"status":true},{"id":2,"userid":1,"createTime":1550656263000,"sousuoguanjianzi":"111","zhangguiming":"111","shangpinlianjie":"111","shangpinjiage":11.0,"shuadanshuliang":11,"shuadanyongjin":11.0,"renqunbiaoqian":"11","jialiao":false,"liulanqita":false,"tingliushichang":false,"daituhaoping":false,"huobisanjia":false,"zhenshiqianshou":false,"totalPrice":176.0,"status":true}]}]
2019-02-21 14:09:55.538 [http-nio-8081-exec-7] INFO  com.sangxiang.app.utils.AppResult - 返回参数[{"version":1000,"cmd":"cmd","pageType":"1","respCode":"000","respMsg":"操作成功","pageSize":10,"pageNumber":1,"pages":1,"total":1,"sign":"emucoo","data":[{"id":3,"userid":1,"createTime":1550656552000,"sousuoguanjianzi":"111","zhangguiming":"111","shangpinlianjie":"111","shangpinjiage":11.0,"shuadanshuliang":11,"shuadanyongjin":11.0,"renqunbiaoqian":"11","jialiao":false,"liulanqita":false,"tingliushichang":false,"daituhaoping":false,"huobisanjia":false,"zhenshiqianshou":false,"totalPrice":176.0,"status":true},{"id":2,"userid":1,"createTime":1550656263000,"sousuoguanjianzi":"111","zhangguiming":"111","shangpinlianjie":"111","shangpinjiage":11.0,"shuadanshuliang":11,"shuadanyongjin":11.0,"renqunbiaoqian":"11","jialiao":false,"liulanqita":false,"tingliushichang":false,"daituhaoping":false,"huobisanjia":false,"zhenshiqianshou":false,"totalPrice":176.0,"status":true}]}]
2019-02-21 14:15:51.807 [http-nio-8081-exec-9] INFO  com.sangxiang.app.utils.AppResult - 返回参数[{"version":1000,"cmd":"cmd","pageType":"1","respCode":"000","respMsg":"操作成功","pageSize":10,"pageNumber":1,"pages":1,"total":1,"sign":"emucoo","data":[{"id":3,"userid":1,"createTime":1550656552000,"sousuoguanjianzi":"111","zhangguiming":"111","shangpinlianjie":"111","shangpinjiage":11.0,"shuadanshuliang":11,"shuadanyongjin":11.0,"renqunbiaoqian":"11","jialiao":false,"liulanqita":false,"tingliushichang":false,"daituhaoping":false,"huobisanjia":false,"zhenshiqianshou":false,"totalPrice":176.0,"status":true},{"id":2,"userid":1,"createTime":1550656263000,"sousuoguanjianzi":"111","zhangguiming":"111","shangpinlianjie":"111","shangpinjiage":11.0,"shuadanshuliang":11,"shuadanyongjin":11.0,"renqunbiaoqian":"11","jialiao":false,"liulanqita":false,"tingliushichang":false,"daituhaoping":false,"huobisanjia":false,"zhenshiqianshou":false,"totalPrice":176.0,"status":true}]}]
2019-02-21 14:17:26.544 [http-nio-8081-exec-1] INFO  com.sangxiang.app.utils.AppResult - 返回参数[{"version":1000,"cmd":"cmd","pageType":"1","respCode":"000","respMsg":"操作成功","pageSize":10,"pageNumber":1,"pages":1,"total":1,"sign":"emucoo","data":[{"id":3,"userid":1,"createTime":1550656552000,"sousuoguanjianzi":"111","zhangguiming":"111","shangpinlianjie":"111","shangpinjiage":11.0,"shuadanshuliang":11,"shuadanyongjin":11.0,"renqunbiaoqian":"11","jialiao":false,"liulanqita":false,"tingliushichang":false,"daituhaoping":false,"huobisanjia":false,"zhenshiqianshou":false,"totalPrice":176.0,"status":true},{"id":2,"userid":1,"createTime":1550656263000,"sousuoguanjianzi":"111","zhangguiming":"111","shangpinlianjie":"111","shangpinjiage":11.0,"shuadanshuliang":11,"shuadanyongjin":11.0,"renqunbiaoqian":"11","jialiao":false,"liulanqita":false,"tingliushichang":false,"daituhaoping":false,"huobisanjia":false,"zhenshiqianshou":false,"totalPrice":176.0,"status":true}]}]
2019-02-21 14:22:57.848 [http-nio-8081-exec-3] INFO  com.sangxiang.app.utils.AppResult - 返回参数[{"version":1000,"cmd":"cmd","pageType":"1","respCode":"000","respMsg":"操作成功","pageSize":10,"pageNumber":1,"pages":1,"total":1,"sign":"emucoo","data":[{"id":3,"userid":1,"createTime":1550656552000,"sousuoguanjianzi":"111","zhangguiming":"111","shangpinlianjie":"111","shangpinjiage":11.0,"shuadanshuliang":11,"shuadanyongjin":11.0,"renqunbiaoqian":"11","jialiao":false,"liulanqita":false,"tingliushichang":false,"daituhaoping":false,"huobisanjia":false,"zhenshiqianshou":false,"totalPrice":176.0,"status":true},{"id":2,"userid":1,"createTime":1550656263000,"sousuoguanjianzi":"111","zhangguiming":"111","shangpinlianjie":"111","shangpinjiage":11.0,"shuadanshuliang":11,"shuadanyongjin":11.0,"renqunbiaoqian":"11","jialiao":false,"liulanqita":false,"tingliushichang":false,"daituhaoping":false,"huobisanjia":false,"zhenshiqianshou":false,"totalPrice":176.0,"status":true}]}]
2019-02-21 14:23:02.831 [http-nio-8081-exec-4] INFO  com.sangxiang.app.utils.AppResult - 返回参数[{"version":1000,"cmd":"cmd","pageType":"1","respCode":"000","respMsg":"操作成功","pageSize":10,"pageNumber":1,"pages":1,"total":1,"sign":"emucoo","data":[{"id":3,"userid":1,"createTime":1550656552000,"sousuoguanjianzi":"111","zhangguiming":"111","shangpinlianjie":"111","shangpinjiage":11.0,"shuadanshuliang":11,"shuadanyongjin":11.0,"renqunbiaoqian":"11","jialiao":false,"liulanqita":false,"tingliushichang":false,"daituhaoping":false,"huobisanjia":false,"zhenshiqianshou":false,"totalPrice":176.0,"status":true},{"id":2,"userid":1,"createTime":1550656263000,"sousuoguanjianzi":"111","zhangguiming":"111","shangpinlianjie":"111","shangpinjiage":11.0,"shuadanshuliang":11,"shuadanyongjin":11.0,"renqunbiaoqian":"11","jialiao":false,"liulanqita":false,"tingliushichang":false,"daituhaoping":false,"huobisanjia":false,"zhenshiqianshou":false,"totalPrice":176.0,"status":true}]}]
2019-02-21 14:24:44.426 [http-nio-8081-exec-6] INFO  com.sangxiang.app.utils.AppResult - 返回参数[{"version":1000,"cmd":"cmd","pageType":"1","respCode":"000","respMsg":"操作成功","pageSize":10,"pageNumber":1,"pages":1,"total":1,"sign":"emucoo","data":[{"id":3,"userid":1,"createTime":1550656552000,"sousuoguanjianzi":"111","zhangguiming":"111","shangpinlianjie":"111","shangpinjiage":11.0,"shuadanshuliang":11,"shuadanyongjin":11.0,"renqunbiaoqian":"11","jialiao":false,"liulanqita":false,"tingliushichang":false,"daituhaoping":false,"huobisanjia":false,"zhenshiqianshou":false,"totalPrice":176.0,"status":true},{"id":2,"userid":1,"createTime":1550656263000,"sousuoguanjianzi":"111","zhangguiming":"111","shangpinlianjie":"111","shangpinjiage":11.0,"shuadanshuliang":11,"shuadanyongjin":11.0,"renqunbiaoqian":"11","jialiao":false,"liulanqita":false,"tingliushichang":false,"daituhaoping":false,"huobisanjia":false,"zhenshiqianshou":false,"totalPrice":176.0,"status":true}]}]
2019-02-21 14:30:55.103 [http-nio-8081-exec-8] INFO  com.sangxiang.app.utils.AppResult - 返回参数[{"version":1000,"cmd":"cmd","pageType":"1","respCode":"000","respMsg":"操作成功","pageSize":10,"pageNumber":1,"pages":1,"total":1,"sign":"emucoo","data":[{"id":3,"userid":1,"createTime":1550656552000,"sousuoguanjianzi":"111","zhangguiming":"111","shangpinlianjie":"111","shangpinjiage":11.0,"shuadanshuliang":11,"shuadanyongjin":11.0,"renqunbiaoqian":"11","jialiao":false,"liulanqita":false,"tingliushichang":false,"daituhaoping":false,"huobisanjia":false,"zhenshiqianshou":false,"totalPrice":176.0,"status":true},{"id":2,"userid":1,"createTime":1550656263000,"sousuoguanjianzi":"111","zhangguiming":"111","shangpinlianjie":"111","shangpinjiage":11.0,"shuadanshuliang":11,"shuadanyongjin":11.0,"renqunbiaoqian":"11","jialiao":false,"liulanqita":false,"tingliushichang":false,"daituhaoping":false,"huobisanjia":false,"zhenshiqianshou":false,"totalPrice":176.0,"status":true}]}]
2019-02-21 14:31:19.789 [http-nio-8081-exec-9] INFO  com.sangxiang.app.utils.AppResult - 返回参数[{"version":1000,"cmd":"cmd","pageType":"1","respCode":"000","respMsg":"操作成功","pageSize":10,"pageNumber":1,"pages":1,"total":1,"sign":"emucoo","data":[{"id":3,"userid":1,"createTime":1550656552000,"sousuoguanjianzi":"111","zhangguiming":"111","shangpinlianjie":"111","shangpinjiage":11.0,"shuadanshuliang":11,"shuadanyongjin":11.0,"renqunbiaoqian":"11","jialiao":false,"liulanqita":false,"tingliushichang":false,"daituhaoping":false,"huobisanjia":false,"zhenshiqianshou":false,"totalPrice":176.0,"status":true},{"id":2,"userid":1,"createTime":1550656263000,"sousuoguanjianzi":"111","zhangguiming":"111","shangpinlianjie":"111","shangpinjiage":11.0,"shuadanshuliang":11,"shuadanyongjin":11.0,"renqunbiaoqian":"11","jialiao":false,"liulanqita":false,"tingliushichang":false,"daituhaoping":false,"huobisanjia":false,"zhenshiqianshou":false,"totalPrice":176.0,"status":true}]}]
2019-02-21 15:02:08.966 [Thread-3] INFO  o.s.scheduling.concurrent.ThreadPoolTaskExecutor - Shutting down ExecutorService
2019-02-21 15:02:09.065 [Thread-3] INFO  o.s.scheduling.concurrent.ThreadPoolTaskExecutor - Shutting down ExecutorService 'applicationTaskExecutor'
2019-02-21 15:02:09.112 [Thread-3] INFO  com.zaxxer.hikari.HikariDataSource - HikariPool-1 - Shutdown initiated...
2019-02-21 15:02:09.149 [Thread-3] INFO  com.zaxxer.hikari.HikariDataSource - HikariPool-1 - Shutdown completed.
2019-02-21 15:02:29.804 [main] INFO  com.sangxiang.app.App - Starting App on sangxiangMBP with PID 8137 (/Users/sangxiang/Desktop/web-server/shuadan/app/target/classes started by sangxiang in /Users/sangxiang/Desktop/web-server/shuadan)
2019-02-21 15:02:29.813 [main] INFO  com.sangxiang.app.App - The following profiles are active: dev
2019-02-21 15:02:32.216 [main] INFO  o.s.d.r.config.RepositoryConfigurationDelegate - Multiple Spring Data modules found, entering strict repository configuration mode!
2019-02-21 15:02:32.226 [main] INFO  o.s.d.r.config.RepositoryConfigurationDelegate - Bootstrapping Spring Data repositories in DEFAULT mode.
2019-02-21 15:02:32.321 [main] INFO  o.s.d.r.config.RepositoryConfigurationDelegate - Finished Spring Data repository scanning in 20ms. Found 0 repository interfaces.
2019-02-21 15:02:33.217 [main] INFO  o.s.c.s.PostProcessorRegistrationDelegate$BeanPostProcessorChecker - Bean 'asyncConfig' of type [com.sangxiang.app.config.AsyncConfig$$EnhancerBySpringCGLIB$$222ba019] is not eligible for getting processed by all BeanPostProcessors (for example: not eligible for auto-proxying)
2019-02-21 15:02:33.556 [main] INFO  o.s.c.s.PostProcessorRegistrationDelegate$BeanPostProcessorChecker - Bean 'org.springframework.transaction.annotation.ProxyTransactionManagementConfiguration' of type [org.springframework.transaction.annotation.ProxyTransactionManagementConfiguration$$EnhancerBySpringCGLIB$$2bc3ef9c] is not eligible for getting processed by all BeanPostProcessors (for example: not eligible for auto-proxying)
2019-02-21 15:02:34.655 [main] INFO  o.s.boot.web.embedded.tomcat.TomcatWebServer - Tomcat initialized with port(s): 8081 (http)
2019-02-21 15:02:34.685 [main] INFO  org.apache.coyote.http11.Http11NioProtocol - Initializing ProtocolHandler ["http-nio-8081"]
2019-02-21 15:02:34.696 [main] INFO  org.apache.catalina.core.StandardService - Starting service [Tomcat]
2019-02-21 15:02:34.697 [main] INFO  org.apache.catalina.core.StandardEngine - Starting Servlet Engine: Apache Tomcat/9.0.12
2019-02-21 15:02:34.726 [main] INFO  org.apache.catalina.core.AprLifecycleListener - The APR based Apache Tomcat Native library which allows optimal performance in production environments was not found on the java.library.path: [/Users/sangxiang/Library/Java/Extensions:/Library/Java/Extensions:/Network/Library/Java/Extensions:/System/Library/Java/Extensions:/usr/lib/java:.]
2019-02-21 15:02:34.992 [main] INFO  o.a.c.core.ContainerBase.[Tomcat].[localhost].[/] - Initializing Spring embedded WebApplicationContext
2019-02-21 15:02:34.992 [main] INFO  org.springframework.web.context.ContextLoader - Root WebApplicationContext: initialization completed in 4936 ms
2019-02-21 15:02:35.059 [main] INFO  o.s.boot.web.servlet.FilterRegistrationBean - Mapping filter: 'characterEncodingFilter' to: [/*]
2019-02-21 15:02:35.059 [main] INFO  o.s.boot.web.servlet.FilterRegistrationBean - Mapping filter: 'hiddenHttpMethodFilter' to: [/*]
2019-02-21 15:02:35.060 [main] INFO  o.s.boot.web.servlet.FilterRegistrationBean - Mapping filter: 'formContentFilter' to: [/*]
2019-02-21 15:02:35.060 [main] INFO  o.s.boot.web.servlet.FilterRegistrationBean - Mapping filter: 'requestContextFilter' to: [/*]
2019-02-21 15:02:35.060 [main] INFO  o.s.boot.web.servlet.FilterRegistrationBean - Mapping filter: 'myHttpLogFilter' to urls: [/*]
2019-02-21 15:02:35.060 [main] INFO  o.s.boot.web.servlet.ServletRegistrationBean - Servlet dispatcherServlet mapped to [/]
2019-02-21 15:02:37.571 [main] INFO  o.s.scheduling.concurrent.ThreadPoolTaskExecutor - Initializing ExecutorService 'applicationTaskExecutor'
2019-02-21 15:02:39.853 [main] INFO  o.s.scheduling.concurrent.ThreadPoolTaskExecutor - Initializing ExecutorService
2019-02-21 15:02:40.561 [main] INFO  org.apache.coyote.http11.Http11NioProtocol - Starting ProtocolHandler ["http-nio-8081"]
2019-02-21 15:02:40.675 [main] INFO  org.apache.tomcat.util.net.NioSelectorPool - Using a shared selector for servlet write/read
2019-02-21 15:02:40.723 [main] INFO  o.s.boot.web.embedded.tomcat.TomcatWebServer - Tomcat started on port(s): 8081 (http) with context path ''
2019-02-21 15:02:40.729 [main] INFO  com.sangxiang.app.App - Started App in 12.604 seconds (JVM running for 13.811)
2019-02-21 15:03:14.092 [http-nio-8081-exec-1] INFO  o.a.c.core.ContainerBase.[Tomcat].[localhost].[/] - Initializing Spring DispatcherServlet 'dispatcherServlet'
2019-02-21 15:03:14.097 [http-nio-8081-exec-1] INFO  org.springframework.web.servlet.DispatcherServlet - Initializing Servlet 'dispatcherServlet'
2019-02-21 15:03:14.165 [http-nio-8081-exec-1] INFO  org.springframework.web.servlet.DispatcherServlet - Completed initialization in 66 ms
2019-02-21 15:03:15.922 [http-nio-8081-exec-1] INFO  com.zaxxer.hikari.HikariDataSource - HikariPool-1 - Starting...
2019-02-21 15:03:17.212 [http-nio-8081-exec-1] INFO  com.zaxxer.hikari.HikariDataSource - HikariPool-1 - Start completed.
2019-02-21 15:03:18.331 [http-nio-8081-exec-1] INFO  com.sangxiang.app.utils.AppResult - 返回参数[{"version":1000,"cmd":"cmd","pageType":"1","respCode":"000","respMsg":"操作成功","pageSize":10,"pageNumber":1,"pages":1,"total":2,"sign":"emucoo","data":[{"id":3,"userid":1,"createTime":1550656552000,"sousuoguanjianzi":"111","zhangguiming":"111","shangpinlianjie":"111","shangpinjiage":11.0,"shuadanshuliang":11,"shuadanyongjin":11.0,"renqunbiaoqian":"11","jialiao":false,"liulanqita":false,"tingliushichang":false,"daituhaoping":false,"huobisanjia":false,"zhenshiqianshou":false,"totalPrice":176.0,"status":true},{"id":2,"userid":1,"createTime":1550656263000,"sousuoguanjianzi":"111","zhangguiming":"111","shangpinlianjie":"111","shangpinjiage":11.0,"shuadanshuliang":11,"shuadanyongjin":11.0,"renqunbiaoqian":"11","jialiao":false,"liulanqita":false,"tingliushichang":false,"daituhaoping":false,"huobisanjia":false,"zhenshiqianshou":false,"totalPrice":176.0,"status":true}],"firstPage":true,"lastPage":true}]
2019-02-21 18:59:42.575 [http-nio-8081-exec-3] INFO  com.sangxiang.app.utils.AppResult - 返回参数[{"version":1000,"cmd":"cmd","pageType":"1","respCode":"000","respMsg":"操作成功","pageSize":10,"pageNumber":1,"pages":1,"total":2,"sign":"emucoo","data":[{"id":3,"userid":1,"createTime":1550656552000,"sousuoguanjianzi":"111","zhangguiming":"111","shangpinlianjie":"111","shangpinjiage":11.0,"shuadanshuliang":11,"shuadanyongjin":11.0,"renqunbiaoqian":"11","jialiao":false,"liulanqita":false,"tingliushichang":false,"daituhaoping":false,"huobisanjia":false,"zhenshiqianshou":false,"totalPrice":176.0,"status":true},{"id":2,"userid":1,"createTime":1550656263000,"sousuoguanjianzi":"111","zhangguiming":"111","shangpinlianjie":"111","shangpinjiage":11.0,"shuadanshuliang":11,"shuadanyongjin":11.0,"renqunbiaoqian":"11","jialiao":false,"liulanqita":false,"tingliushichang":false,"daituhaoping":false,"huobisanjia":false,"zhenshiqianshou":false,"totalPrice":176.0,"status":true}],"firstPage":true,"lastPage":true}]
