2019-02-02 16:43:46.531 [main] INFO  com.sangxiang.app.App - Starting App on aaadeMBP.lan with PID 3606 (/Users/sangxiang/Desktop/web-server/shuadan/app/target/classes started by sangxiang in /Users/sangxiang/Desktop/web-server/shuadan)
2019-02-02 16:43:46.535 [main] INFO  com.sangxiang.app.App - The following profiles are active: dev
2019-02-02 16:43:48.473 [main] INFO  o.s.d.r.config.RepositoryConfigurationDelegate - Multiple Spring Data modules found, entering strict repository configuration mode!
2019-02-02 16:43:48.478 [main] INFO  o.s.d.r.config.RepositoryConfigurationDelegate - Bootstrapping Spring Data repositories in DEFAULT mode.
2019-02-02 16:43:48.542 [main] INFO  o.s.d.r.config.RepositoryConfigurationDelegate - Finished Spring Data repository scanning in 23ms. Found 0 repository interfaces.
2019-02-02 16:43:49.144 [main] INFO  o.s.c.s.PostProcessorRegistrationDelegate$BeanPostProcessorChecker - Bean 'shiroConfig' of type [com.sangxiang.app.oauth2.ShiroConfig$$EnhancerBySpringCGLIB$$2aaf3232] is not eligible for getting processed by all BeanPostProcessors (for example: not eligible for auto-proxying)
2019-02-02 16:43:49.481 [main] INFO  o.s.c.s.PostProcessorRegistrationDelegate$BeanPostProcessorChecker - Bean 'mybatis-org.mybatis.spring.boot.autoconfigure.MybatisProperties' of type [org.mybatis.spring.boot.autoconfigure.MybatisProperties] is not eligible for getting processed by all BeanPostProcessors (for example: not eligible for auto-proxying)
2019-02-02 16:43:49.496 [main] INFO  o.s.c.s.PostProcessorRegistrationDelegate$BeanPostProcessorChecker - Bean 'org.mybatis.spring.boot.autoconfigure.MybatisAutoConfiguration' of type [org.mybatis.spring.boot.autoconfigure.MybatisAutoConfiguration$$EnhancerBySpringCGLIB$$1ef1e7b7] is not eligible for getting processed by all BeanPostProcessors (for example: not eligible for auto-proxying)
2019-02-02 16:43:49.500 [main] INFO  o.s.c.s.PostProcessorRegistrationDelegate$BeanPostProcessorChecker - Bean 'org.springframework.boot.autoconfigure.jdbc.DataSourceConfiguration$Hikari' of type [org.springframework.boot.autoconfigure.jdbc.DataSourceConfiguration$Hikari] is not eligible for getting processed by all BeanPostProcessors (for example: not eligible for auto-proxying)
2019-02-02 16:43:49.511 [main] INFO  o.s.c.s.PostProcessorRegistrationDelegate$BeanPostProcessorChecker - Bean 'spring.datasource-org.springframework.boot.autoconfigure.jdbc.DataSourceProperties' of type [org.springframework.boot.autoconfigure.jdbc.DataSourceProperties] is not eligible for getting processed by all BeanPostProcessors (for example: not eligible for auto-proxying)
2019-02-02 16:43:49.674 [main] INFO  o.s.c.s.PostProcessorRegistrationDelegate$BeanPostProcessorChecker - Bean 'dataSource' of type [com.zaxxer.hikari.HikariDataSource] is not eligible for getting processed by all BeanPostProcessors (for example: not eligible for auto-proxying)
2019-02-02 16:43:50.325 [main] INFO  o.s.c.s.PostProcessorRegistrationDelegate$BeanPostProcessorChecker - Bean 'sqlSessionFactory' of type [org.apache.ibatis.session.defaults.DefaultSqlSessionFactory] is not eligible for getting processed by all BeanPostProcessors (for example: not eligible for auto-proxying)
2019-02-02 16:43:50.341 [main] INFO  o.s.c.s.PostProcessorRegistrationDelegate$BeanPostProcessorChecker - Bean 'sqlSessionTemplate' of type [org.mybatis.spring.SqlSessionTemplate] is not eligible for getting processed by all BeanPostProcessors (for example: not eligible for auto-proxying)
2019-02-02 16:43:50.343 [main] INFO  o.s.c.s.PostProcessorRegistrationDelegate$BeanPostProcessorChecker - Bean 'sysUserTokenMapper' of type [org.mybatis.spring.mapper.MapperFactoryBean] is not eligible for getting processed by all BeanPostProcessors (for example: not eligible for auto-proxying)
2019-02-02 16:43:50.350 [main] INFO  o.s.c.s.PostProcessorRegistrationDelegate$BeanPostProcessorChecker - Bean 'sysUserTokenMapper' of type [com.sun.proxy.$Proxy70] is not eligible for getting processed by all BeanPostProcessors (for example: not eligible for auto-proxying)
2019-02-02 16:43:50.388 [main] INFO  o.s.c.s.PostProcessorRegistrationDelegate$BeanPostProcessorChecker - Bean 'sysUserTokenServiceImpl' of type [com.sangxiang.dao.service.impl.SysUserTokenServiceImpl] is not eligible for getting processed by all BeanPostProcessors (for example: not eligible for auto-proxying)
2019-02-02 16:43:50.467 [main] INFO  o.s.c.s.PostProcessorRegistrationDelegate$BeanPostProcessorChecker - Bean 'sysUserMapper' of type [org.mybatis.spring.mapper.MapperFactoryBean] is not eligible for getting processed by all BeanPostProcessors (for example: not eligible for auto-proxying)
2019-02-02 16:43:50.482 [main] INFO  o.s.c.s.PostProcessorRegistrationDelegate$BeanPostProcessorChecker - Bean 'sysUserMapper' of type [com.sun.proxy.$Proxy72] is not eligible for getting processed by all BeanPostProcessors (for example: not eligible for auto-proxying)
2019-02-02 16:43:50.487 [main] INFO  o.s.c.s.PostProcessorRegistrationDelegate$BeanPostProcessorChecker - Bean 'sysUserServiceImpl' of type [com.sangxiang.dao.service.impl.SysUserServiceImpl] is not eligible for getting processed by all BeanPostProcessors (for example: not eligible for auto-proxying)
2019-02-02 16:43:50.497 [main] INFO  o.s.c.s.PostProcessorRegistrationDelegate$BeanPostProcessorChecker - Bean 'sysRoleMapper' of type [org.mybatis.spring.mapper.MapperFactoryBean] is not eligible for getting processed by all BeanPostProcessors (for example: not eligible for auto-proxying)
2019-02-02 16:43:50.500 [main] INFO  o.s.c.s.PostProcessorRegistrationDelegate$BeanPostProcessorChecker - Bean 'sysRoleMapper' of type [com.sun.proxy.$Proxy73] is not eligible for getting processed by all BeanPostProcessors (for example: not eligible for auto-proxying)
2019-02-02 16:43:50.502 [main] INFO  o.s.c.s.PostProcessorRegistrationDelegate$BeanPostProcessorChecker - Bean 'sysRoleServiceImpl' of type [com.sangxiang.dao.service.impl.SysRoleServiceImpl] is not eligible for getting processed by all BeanPostProcessors (for example: not eligible for auto-proxying)
2019-02-02 16:43:50.503 [main] INFO  o.s.c.s.PostProcessorRegistrationDelegate$BeanPostProcessorChecker - Bean 'OAuth2Realm' of type [com.sangxiang.app.oauth2.OAuth2Realm] is not eligible for getting processed by all BeanPostProcessors (for example: not eligible for auto-proxying)
2019-02-02 16:43:50.533 [main] INFO  o.s.c.s.PostProcessorRegistrationDelegate$BeanPostProcessorChecker - Bean 'sessionManager' of type [org.apache.shiro.web.session.mgt.DefaultWebSessionManager] is not eligible for getting processed by all BeanPostProcessors (for example: not eligible for auto-proxying)
2019-02-02 16:43:51.113 [main] INFO  o.s.c.s.PostProcessorRegistrationDelegate$BeanPostProcessorChecker - Bean 'securityManager' of type [org.apache.shiro.web.mgt.DefaultWebSecurityManager] is not eligible for getting processed by all BeanPostProcessors (for example: not eligible for auto-proxying)
2019-02-02 16:43:51.169 [main] INFO  o.s.c.s.PostProcessorRegistrationDelegate$BeanPostProcessorChecker - Bean 'org.springframework.transaction.annotation.ProxyTransactionManagementConfiguration' of type [org.springframework.transaction.annotation.ProxyTransactionManagementConfiguration$$EnhancerBySpringCGLIB$$ec1d9687] is not eligible for getting processed by all BeanPostProcessors (for example: not eligible for auto-proxying)
2019-02-02 16:43:51.182 [main] INFO  o.s.c.s.PostProcessorRegistrationDelegate$BeanPostProcessorChecker - Bean 'authorizationAttributeSourceAdvisor' of type [org.apache.shiro.spring.security.interceptor.AuthorizationAttributeSourceAdvisor] is not eligible for getting processed by all BeanPostProcessors (for example: not eligible for auto-proxying)
2019-02-02 16:43:52.355 [main] INFO  o.s.boot.web.embedded.tomcat.TomcatWebServer - Tomcat initialized with port(s): 8081 (http)
2019-02-02 16:43:52.382 [main] INFO  org.apache.coyote.http11.Http11NioProtocol - Initializing ProtocolHandler ["http-nio-8081"]
2019-02-02 16:43:52.394 [main] INFO  org.apache.catalina.core.StandardService - Starting service [Tomcat]
2019-02-02 16:43:52.395 [main] INFO  org.apache.catalina.core.StandardEngine - Starting Servlet Engine: Apache Tomcat/9.0.12
2019-02-02 16:43:52.412 [main] INFO  org.apache.catalina.core.AprLifecycleListener - The APR based Apache Tomcat Native library which allows optimal performance in production environments was not found on the java.library.path: [/Users/sangxiang/Library/Java/Extensions:/Library/Java/Extensions:/Network/Library/Java/Extensions:/System/Library/Java/Extensions:/usr/lib/java:.]
2019-02-02 16:43:52.662 [main] INFO  o.a.c.core.ContainerBase.[Tomcat].[localhost].[/] - Initializing Spring embedded WebApplicationContext
2019-02-02 16:43:52.663 [main] INFO  org.springframework.web.context.ContextLoader - Root WebApplicationContext: initialization completed in 6008 ms
2019-02-02 16:43:52.757 [main] INFO  o.s.boot.web.servlet.ServletRegistrationBean - Servlet dispatcherServlet mapped to [/]
2019-02-02 16:43:52.765 [main] INFO  o.s.boot.web.servlet.FilterRegistrationBean - Mapping filter: 'characterEncodingFilter' to: [/*]
2019-02-02 16:43:52.765 [main] INFO  o.s.boot.web.servlet.FilterRegistrationBean - Mapping filter: 'hiddenHttpMethodFilter' to: [/*]
2019-02-02 16:43:52.765 [main] INFO  o.s.boot.web.servlet.FilterRegistrationBean - Mapping filter: 'formContentFilter' to: [/*]
2019-02-02 16:43:52.765 [main] INFO  o.s.boot.web.servlet.FilterRegistrationBean - Mapping filter: 'requestContextFilter' to: [/*]
2019-02-02 16:43:52.765 [main] INFO  o.s.boot.web.servlet.FilterRegistrationBean - Mapping filter: 'shiroFilter' to: [/*]
2019-02-02 16:43:54.769 [main] INFO  o.s.scheduling.concurrent.ThreadPoolTaskExecutor - Initializing ExecutorService 'applicationTaskExecutor'
2019-02-02 16:43:55.427 [main] INFO  o.s.b.a.web.servlet.WelcomePageHandlerMapping - Adding welcome page template: index
2019-02-02 16:43:57.122 [main] INFO  org.apache.coyote.http11.Http11NioProtocol - Starting ProtocolHandler ["http-nio-8081"]
2019-02-02 16:43:57.180 [main] INFO  org.apache.tomcat.util.net.NioSelectorPool - Using a shared selector for servlet write/read
2019-02-02 16:43:57.248 [main] INFO  o.s.boot.web.embedded.tomcat.TomcatWebServer - Tomcat started on port(s): 8081 (http) with context path ''
2019-02-02 16:43:57.261 [main] INFO  com.sangxiang.app.App - Started App in 12.491 seconds (JVM running for 13.959)
2019-02-02 16:50:23.039 [http-nio-8081-exec-1] INFO  o.a.c.core.ContainerBase.[Tomcat].[localhost].[/] - Initializing Spring DispatcherServlet 'dispatcherServlet'
2019-02-02 16:50:23.040 [http-nio-8081-exec-1] INFO  org.springframework.web.servlet.DispatcherServlet - Initializing Servlet 'dispatcherServlet'
2019-02-02 16:50:23.086 [http-nio-8081-exec-1] INFO  org.springframework.web.servlet.DispatcherServlet - Completed initialization in 45 ms
2019-02-02 16:50:23.132 [http-nio-8081-exec-1] INFO  o.a.s.session.mgt.AbstractValidatingSessionManager - Enabling session validation scheduler...
2019-02-02 16:52:36.913 [http-nio-8081-exec-5] INFO  com.zaxxer.hikari.HikariDataSource - HikariPool-1 - Starting...
2019-02-02 16:56:35.997 [http-nio-8081-exec-6] INFO  com.zaxxer.hikari.HikariDataSource - HikariPool-1 - Starting...
2019-02-02 17:50:23.046 [SessionValidationThread-1] INFO  o.a.s.session.mgt.AbstractValidatingSessionManager - Validating all active sessions...
2019-02-02 17:50:23.052 [SessionValidationThread-1] INFO  o.a.s.session.mgt.AbstractValidatingSessionManager - Finished session validation.  No sessions were stopped.
2019-02-02 18:50:23.348 [SessionValidationThread-1] INFO  o.a.s.session.mgt.AbstractValidatingSessionManager - Validating all active sessions...
2019-02-02 18:50:23.349 [SessionValidationThread-1] INFO  o.a.s.session.mgt.AbstractValidatingSessionManager - Finished session validation.  No sessions were stopped.
2019-02-02 19:50:23.700 [SessionValidationThread-1] INFO  o.a.s.session.mgt.AbstractValidatingSessionManager - Validating all active sessions...
2019-02-02 19:50:23.701 [SessionValidationThread-1] INFO  o.a.s.session.mgt.AbstractValidatingSessionManager - Finished session validation.  No sessions were stopped.
2019-02-02 20:04:42.252 [Thread-27] INFO  o.s.scheduling.concurrent.ThreadPoolTaskExecutor - Shutting down ExecutorService 'applicationTaskExecutor'
2019-02-02 20:04:42.982 [Thread-27] INFO  o.a.s.session.mgt.AbstractValidatingSessionManager - Disabled session validation scheduler.
2019-02-02 20:04:53.411 [main] INFO  com.sangxiang.app.App - Starting App on sangxiangMBP with PID 5120 (/Users/sangxiang/Desktop/web-server/shuadan/app/target/classes started by sangxiang in /Users/sangxiang/Desktop/web-server/shuadan)
2019-02-02 20:04:53.415 [main] INFO  com.sangxiang.app.App - The following profiles are active: dev
2019-02-02 20:04:54.972 [main] INFO  o.s.d.r.config.RepositoryConfigurationDelegate - Multiple Spring Data modules found, entering strict repository configuration mode!
2019-02-02 20:04:54.978 [main] INFO  o.s.d.r.config.RepositoryConfigurationDelegate - Bootstrapping Spring Data repositories in DEFAULT mode.
2019-02-02 20:04:55.037 [main] INFO  o.s.d.r.config.RepositoryConfigurationDelegate - Finished Spring Data repository scanning in 17ms. Found 0 repository interfaces.
2019-02-02 20:04:55.515 [main] INFO  o.s.c.s.PostProcessorRegistrationDelegate$BeanPostProcessorChecker - Bean 'shiroConfig' of type [com.sangxiang.app.oauth2.ShiroConfig$$EnhancerBySpringCGLIB$$c01d99db] is not eligible for getting processed by all BeanPostProcessors (for example: not eligible for auto-proxying)
2019-02-02 20:04:55.902 [main] INFO  o.s.c.s.PostProcessorRegistrationDelegate$BeanPostProcessorChecker - Bean 'mybatis-org.mybatis.spring.boot.autoconfigure.MybatisProperties' of type [org.mybatis.spring.boot.autoconfigure.MybatisProperties] is not eligible for getting processed by all BeanPostProcessors (for example: not eligible for auto-proxying)
2019-02-02 20:04:55.911 [main] INFO  o.s.c.s.PostProcessorRegistrationDelegate$BeanPostProcessorChecker - Bean 'org.mybatis.spring.boot.autoconfigure.MybatisAutoConfiguration' of type [org.mybatis.spring.boot.autoconfigure.MybatisAutoConfiguration$$EnhancerBySpringCGLIB$$b4604f60] is not eligible for getting processed by all BeanPostProcessors (for example: not eligible for auto-proxying)
2019-02-02 20:04:55.914 [main] INFO  o.s.c.s.PostProcessorRegistrationDelegate$BeanPostProcessorChecker - Bean 'org.springframework.boot.autoconfigure.jdbc.DataSourceConfiguration$Hikari' of type [org.springframework.boot.autoconfigure.jdbc.DataSourceConfiguration$Hikari] is not eligible for getting processed by all BeanPostProcessors (for example: not eligible for auto-proxying)
2019-02-02 20:04:55.923 [main] INFO  o.s.c.s.PostProcessorRegistrationDelegate$BeanPostProcessorChecker - Bean 'spring.datasource-org.springframework.boot.autoconfigure.jdbc.DataSourceProperties' of type [org.springframework.boot.autoconfigure.jdbc.DataSourceProperties] is not eligible for getting processed by all BeanPostProcessors (for example: not eligible for auto-proxying)
2019-02-02 20:04:55.956 [main] INFO  o.s.c.s.PostProcessorRegistrationDelegate$BeanPostProcessorChecker - Bean 'dataSource' of type [com.zaxxer.hikari.HikariDataSource] is not eligible for getting processed by all BeanPostProcessors (for example: not eligible for auto-proxying)
2019-02-02 20:04:56.330 [main] INFO  o.s.c.s.PostProcessorRegistrationDelegate$BeanPostProcessorChecker - Bean 'sqlSessionFactory' of type [org.apache.ibatis.session.defaults.DefaultSqlSessionFactory] is not eligible for getting processed by all BeanPostProcessors (for example: not eligible for auto-proxying)
2019-02-02 20:04:56.336 [main] INFO  o.s.c.s.PostProcessorRegistrationDelegate$BeanPostProcessorChecker - Bean 'sqlSessionTemplate' of type [org.mybatis.spring.SqlSessionTemplate] is not eligible for getting processed by all BeanPostProcessors (for example: not eligible for auto-proxying)
2019-02-02 20:04:56.337 [main] INFO  o.s.c.s.PostProcessorRegistrationDelegate$BeanPostProcessorChecker - Bean 'sysUserTokenMapper' of type [org.mybatis.spring.mapper.MapperFactoryBean] is not eligible for getting processed by all BeanPostProcessors (for example: not eligible for auto-proxying)
2019-02-02 20:04:56.339 [main] INFO  o.s.c.s.PostProcessorRegistrationDelegate$BeanPostProcessorChecker - Bean 'sysUserTokenMapper' of type [com.sun.proxy.$Proxy70] is not eligible for getting processed by all BeanPostProcessors (for example: not eligible for auto-proxying)
2019-02-02 20:04:56.344 [main] INFO  o.s.c.s.PostProcessorRegistrationDelegate$BeanPostProcessorChecker - Bean 'sysUserTokenServiceImpl' of type [com.sangxiang.dao.service.impl.SysUserTokenServiceImpl] is not eligible for getting processed by all BeanPostProcessors (for example: not eligible for auto-proxying)
2019-02-02 20:04:56.349 [main] INFO  o.s.c.s.PostProcessorRegistrationDelegate$BeanPostProcessorChecker - Bean 'sysUserMapper' of type [org.mybatis.spring.mapper.MapperFactoryBean] is not eligible for getting processed by all BeanPostProcessors (for example: not eligible for auto-proxying)
2019-02-02 20:04:56.351 [main] INFO  o.s.c.s.PostProcessorRegistrationDelegate$BeanPostProcessorChecker - Bean 'sysUserMapper' of type [com.sun.proxy.$Proxy72] is not eligible for getting processed by all BeanPostProcessors (for example: not eligible for auto-proxying)
2019-02-02 20:04:56.352 [main] INFO  o.s.c.s.PostProcessorRegistrationDelegate$BeanPostProcessorChecker - Bean 'sysUserServiceImpl' of type [com.sangxiang.dao.service.impl.SysUserServiceImpl] is not eligible for getting processed by all BeanPostProcessors (for example: not eligible for auto-proxying)
2019-02-02 20:04:56.357 [main] INFO  o.s.c.s.PostProcessorRegistrationDelegate$BeanPostProcessorChecker - Bean 'sysRoleMapper' of type [org.mybatis.spring.mapper.MapperFactoryBean] is not eligible for getting processed by all BeanPostProcessors (for example: not eligible for auto-proxying)
2019-02-02 20:04:56.358 [main] INFO  o.s.c.s.PostProcessorRegistrationDelegate$BeanPostProcessorChecker - Bean 'sysRoleMapper' of type [com.sun.proxy.$Proxy73] is not eligible for getting processed by all BeanPostProcessors (for example: not eligible for auto-proxying)
2019-02-02 20:04:56.359 [main] INFO  o.s.c.s.PostProcessorRegistrationDelegate$BeanPostProcessorChecker - Bean 'sysRoleServiceImpl' of type [com.sangxiang.dao.service.impl.SysRoleServiceImpl] is not eligible for getting processed by all BeanPostProcessors (for example: not eligible for auto-proxying)
2019-02-02 20:04:56.360 [main] INFO  o.s.c.s.PostProcessorRegistrationDelegate$BeanPostProcessorChecker - Bean 'OAuth2Realm' of type [com.sangxiang.app.oauth2.OAuth2Realm] is not eligible for getting processed by all BeanPostProcessors (for example: not eligible for auto-proxying)
2019-02-02 20:04:56.381 [main] INFO  o.s.c.s.PostProcessorRegistrationDelegate$BeanPostProcessorChecker - Bean 'sessionManager' of type [org.apache.shiro.web.session.mgt.DefaultWebSessionManager] is not eligible for getting processed by all BeanPostProcessors (for example: not eligible for auto-proxying)
2019-02-02 20:04:56.976 [main] INFO  o.s.c.s.PostProcessorRegistrationDelegate$BeanPostProcessorChecker - Bean 'securityManager' of type [org.apache.shiro.web.mgt.DefaultWebSecurityManager] is not eligible for getting processed by all BeanPostProcessors (for example: not eligible for auto-proxying)
2019-02-02 20:04:57.218 [main] INFO  o.s.c.s.PostProcessorRegistrationDelegate$BeanPostProcessorChecker - Bean 'org.springframework.transaction.annotation.ProxyTransactionManagementConfiguration' of type [org.springframework.transaction.annotation.ProxyTransactionManagementConfiguration$$EnhancerBySpringCGLIB$$818bfe30] is not eligible for getting processed by all BeanPostProcessors (for example: not eligible for auto-proxying)
2019-02-02 20:04:57.252 [main] INFO  o.s.c.s.PostProcessorRegistrationDelegate$BeanPostProcessorChecker - Bean 'authorizationAttributeSourceAdvisor' of type [org.apache.shiro.spring.security.interceptor.AuthorizationAttributeSourceAdvisor] is not eligible for getting processed by all BeanPostProcessors (for example: not eligible for auto-proxying)
2019-02-02 20:04:58.051 [main] INFO  o.s.boot.web.embedded.tomcat.TomcatWebServer - Tomcat initialized with port(s): 8081 (http)
2019-02-02 20:04:58.073 [main] INFO  org.apache.coyote.http11.Http11NioProtocol - Initializing ProtocolHandler ["http-nio-8081"]
2019-02-02 20:04:58.080 [main] INFO  org.apache.catalina.core.StandardService - Starting service [Tomcat]
2019-02-02 20:04:58.080 [main] INFO  org.apache.catalina.core.StandardEngine - Starting Servlet Engine: Apache Tomcat/9.0.12
2019-02-02 20:04:58.089 [main] INFO  org.apache.catalina.core.AprLifecycleListener - The APR based Apache Tomcat Native library which allows optimal performance in production environments was not found on the java.library.path: [/Users/sangxiang/Library/Java/Extensions:/Library/Java/Extensions:/Network/Library/Java/Extensions:/System/Library/Java/Extensions:/usr/lib/java:.]
2019-02-02 20:04:58.289 [main] INFO  o.a.c.core.ContainerBase.[Tomcat].[localhost].[/] - Initializing Spring embedded WebApplicationContext
2019-02-02 20:04:58.290 [main] INFO  org.springframework.web.context.ContextLoader - Root WebApplicationContext: initialization completed in 4689 ms
2019-02-02 20:04:58.388 [main] INFO  o.s.boot.web.servlet.ServletRegistrationBean - Servlet dispatcherServlet mapped to [/]
2019-02-02 20:04:58.394 [main] INFO  o.s.boot.web.servlet.FilterRegistrationBean - Mapping filter: 'characterEncodingFilter' to: [/*]
2019-02-02 20:04:58.395 [main] INFO  o.s.boot.web.servlet.FilterRegistrationBean - Mapping filter: 'hiddenHttpMethodFilter' to: [/*]
2019-02-02 20:04:58.395 [main] INFO  o.s.boot.web.servlet.FilterRegistrationBean - Mapping filter: 'formContentFilter' to: [/*]
2019-02-02 20:04:58.395 [main] INFO  o.s.boot.web.servlet.FilterRegistrationBean - Mapping filter: 'requestContextFilter' to: [/*]
2019-02-02 20:04:58.395 [main] INFO  o.s.boot.web.servlet.FilterRegistrationBean - Mapping filter: 'shiroFilter' to: [/*]
2019-02-02 20:04:59.843 [main] INFO  o.s.scheduling.concurrent.ThreadPoolTaskExecutor - Initializing ExecutorService 'applicationTaskExecutor'
2019-02-02 20:05:00.433 [main] INFO  o.s.b.a.web.servlet.WelcomePageHandlerMapping - Adding welcome page template: index
2019-02-02 20:05:01.932 [main] INFO  org.apache.coyote.http11.Http11NioProtocol - Starting ProtocolHandler ["http-nio-8081"]
2019-02-02 20:05:01.999 [main] INFO  org.apache.tomcat.util.net.NioSelectorPool - Using a shared selector for servlet write/read
2019-02-02 20:05:02.027 [main] INFO  o.s.boot.web.embedded.tomcat.TomcatWebServer - Tomcat started on port(s): 8081 (http) with context path ''
2019-02-02 20:05:02.032 [main] INFO  com.sangxiang.app.App - Started App in 9.974 seconds (JVM running for 13.56)
2019-02-02 20:07:29.288 [http-nio-8081-exec-2] INFO  o.a.c.core.ContainerBase.[Tomcat].[localhost].[/] - Initializing Spring DispatcherServlet 'dispatcherServlet'
2019-02-02 20:07:29.289 [http-nio-8081-exec-2] INFO  org.springframework.web.servlet.DispatcherServlet - Initializing Servlet 'dispatcherServlet'
2019-02-02 20:07:29.315 [http-nio-8081-exec-2] INFO  org.springframework.web.servlet.DispatcherServlet - Completed initialization in 26 ms
2019-02-02 20:07:29.362 [http-nio-8081-exec-1] INFO  o.a.s.session.mgt.AbstractValidatingSessionManager - Enabling session validation scheduler...
2019-02-02 20:07:50.233 [http-nio-8081-exec-1] INFO  com.zaxxer.hikari.HikariDataSource - HikariPool-1 - Starting...
2019-02-02 20:07:50.820 [http-nio-8081-exec-1] INFO  com.zaxxer.hikari.HikariDataSource - HikariPool-1 - Start completed.
2019-02-02 21:07:29.261 [SessionValidationThread-1] INFO  o.a.s.session.mgt.AbstractValidatingSessionManager - Validating all active sessions...
2019-02-02 21:07:29.271 [SessionValidationThread-1] INFO  o.a.s.session.mgt.AbstractValidatingSessionManager - Finished session validation.  No sessions were stopped.
2019-02-02 21:26:44.902 [Thread-23] INFO  o.s.scheduling.concurrent.ThreadPoolTaskExecutor - Shutting down ExecutorService 'applicationTaskExecutor'
2019-02-02 21:26:44.976 [Thread-23] INFO  o.a.s.session.mgt.AbstractValidatingSessionManager - Disabled session validation scheduler.
2019-02-02 21:26:44.977 [Thread-23] INFO  com.zaxxer.hikari.HikariDataSource - HikariPool-1 - Shutdown initiated...
2019-02-02 21:26:44.999 [Thread-23] INFO  com.zaxxer.hikari.HikariDataSource - HikariPool-1 - Shutdown completed.
2019-02-02 21:39:41.241 [main] INFO  com.sangxiang.web.App - Starting App on sangxiangMBP with PID 5393 (/Users/sangxiang/Desktop/web-server/shuadan/app/target/classes started by sangxiang in /Users/sangxiang/Desktop/web-server/shuadan)
2019-02-02 21:39:41.253 [main] INFO  com.sangxiang.web.App - The following profiles are active: dev
2019-02-02 21:39:43.139 [main] INFO  o.s.d.r.config.RepositoryConfigurationDelegate - Multiple Spring Data modules found, entering strict repository configuration mode!
2019-02-02 21:39:43.143 [main] INFO  o.s.d.r.config.RepositoryConfigurationDelegate - Bootstrapping Spring Data repositories in DEFAULT mode.
2019-02-02 21:39:43.186 [main] INFO  o.s.d.r.config.RepositoryConfigurationDelegate - Finished Spring Data repository scanning in 16ms. Found 0 repository interfaces.
2019-02-02 21:39:43.654 [main] INFO  o.s.c.s.PostProcessorRegistrationDelegate$BeanPostProcessorChecker - Bean 'shiroConfig' of type [com.sangxiang.web.oauth2.ShiroConfig$$EnhancerBySpringCGLIB$$438e2549] is not eligible for getting processed by all BeanPostProcessors (for example: not eligible for auto-proxying)
2019-02-02 21:39:44.095 [main] INFO  o.s.c.s.PostProcessorRegistrationDelegate$BeanPostProcessorChecker - Bean 'mybatis-org.mybatis.spring.boot.autoconfigure.MybatisProperties' of type [org.mybatis.spring.boot.autoconfigure.MybatisProperties] is not eligible for getting processed by all BeanPostProcessors (for example: not eligible for auto-proxying)
2019-02-02 21:39:44.121 [main] INFO  o.s.c.s.PostProcessorRegistrationDelegate$BeanPostProcessorChecker - Bean 'org.mybatis.spring.boot.autoconfigure.MybatisAutoConfiguration' of type [org.mybatis.spring.boot.autoconfigure.MybatisAutoConfiguration$$EnhancerBySpringCGLIB$$730cb241] is not eligible for getting processed by all BeanPostProcessors (for example: not eligible for auto-proxying)
2019-02-02 21:39:44.125 [main] INFO  o.s.c.s.PostProcessorRegistrationDelegate$BeanPostProcessorChecker - Bean 'org.springframework.boot.autoconfigure.jdbc.DataSourceConfiguration$Hikari' of type [org.springframework.boot.autoconfigure.jdbc.DataSourceConfiguration$Hikari] is not eligible for getting processed by all BeanPostProcessors (for example: not eligible for auto-proxying)
2019-02-02 21:39:44.138 [main] INFO  o.s.c.s.PostProcessorRegistrationDelegate$BeanPostProcessorChecker - Bean 'spring.datasource-org.springframework.boot.autoconfigure.jdbc.DataSourceProperties' of type [org.springframework.boot.autoconfigure.jdbc.DataSourceProperties] is not eligible for getting processed by all BeanPostProcessors (for example: not eligible for auto-proxying)
2019-02-02 21:39:44.171 [main] INFO  o.s.c.s.PostProcessorRegistrationDelegate$BeanPostProcessorChecker - Bean 'dataSource' of type [com.zaxxer.hikari.HikariDataSource] is not eligible for getting processed by all BeanPostProcessors (for example: not eligible for auto-proxying)
2019-02-02 21:39:44.658 [main] INFO  o.s.c.s.PostProcessorRegistrationDelegate$BeanPostProcessorChecker - Bean 'sqlSessionFactory' of type [org.apache.ibatis.session.defaults.DefaultSqlSessionFactory] is not eligible for getting processed by all BeanPostProcessors (for example: not eligible for auto-proxying)
2019-02-02 21:39:44.664 [main] INFO  o.s.c.s.PostProcessorRegistrationDelegate$BeanPostProcessorChecker - Bean 'sqlSessionTemplate' of type [org.mybatis.spring.SqlSessionTemplate] is not eligible for getting processed by all BeanPostProcessors (for example: not eligible for auto-proxying)
2019-02-02 21:39:44.666 [main] INFO  o.s.c.s.PostProcessorRegistrationDelegate$BeanPostProcessorChecker - Bean 'sysUserTokenMapper' of type [org.mybatis.spring.mapper.MapperFactoryBean] is not eligible for getting processed by all BeanPostProcessors (for example: not eligible for auto-proxying)
2019-02-02 21:39:44.668 [main] INFO  o.s.c.s.PostProcessorRegistrationDelegate$BeanPostProcessorChecker - Bean 'sysUserTokenMapper' of type [com.sun.proxy.$Proxy70] is not eligible for getting processed by all BeanPostProcessors (for example: not eligible for auto-proxying)
2019-02-02 21:39:44.673 [main] INFO  o.s.c.s.PostProcessorRegistrationDelegate$BeanPostProcessorChecker - Bean 'sysUserTokenServiceImpl' of type [com.sangxiang.dao.service.impl.SysUserTokenServiceImpl] is not eligible for getting processed by all BeanPostProcessors (for example: not eligible for auto-proxying)
2019-02-02 21:39:44.679 [main] INFO  o.s.c.s.PostProcessorRegistrationDelegate$BeanPostProcessorChecker - Bean 'sysUserMapper' of type [org.mybatis.spring.mapper.MapperFactoryBean] is not eligible for getting processed by all BeanPostProcessors (for example: not eligible for auto-proxying)
2019-02-02 21:39:44.682 [main] INFO  o.s.c.s.PostProcessorRegistrationDelegate$BeanPostProcessorChecker - Bean 'sysUserMapper' of type [com.sun.proxy.$Proxy72] is not eligible for getting processed by all BeanPostProcessors (for example: not eligible for auto-proxying)
2019-02-02 21:39:44.684 [main] INFO  o.s.c.s.PostProcessorRegistrationDelegate$BeanPostProcessorChecker - Bean 'sysUserServiceImpl' of type [com.sangxiang.dao.service.impl.SysUserServiceImpl] is not eligible for getting processed by all BeanPostProcessors (for example: not eligible for auto-proxying)
2019-02-02 21:39:44.693 [main] INFO  o.s.c.s.PostProcessorRegistrationDelegate$BeanPostProcessorChecker - Bean 'sysRoleMapper' of type [org.mybatis.spring.mapper.MapperFactoryBean] is not eligible for getting processed by all BeanPostProcessors (for example: not eligible for auto-proxying)
2019-02-02 21:39:44.695 [main] INFO  o.s.c.s.PostProcessorRegistrationDelegate$BeanPostProcessorChecker - Bean 'sysRoleMapper' of type [com.sun.proxy.$Proxy73] is not eligible for getting processed by all BeanPostProcessors (for example: not eligible for auto-proxying)
2019-02-02 21:39:44.698 [main] INFO  o.s.c.s.PostProcessorRegistrationDelegate$BeanPostProcessorChecker - Bean 'sysRoleServiceImpl' of type [com.sangxiang.dao.service.impl.SysRoleServiceImpl] is not eligible for getting processed by all BeanPostProcessors (for example: not eligible for auto-proxying)
2019-02-02 21:39:44.699 [main] INFO  o.s.c.s.PostProcessorRegistrationDelegate$BeanPostProcessorChecker - Bean 'OAuth2Realm' of type [com.sangxiang.web.oauth2.OAuth2Realm] is not eligible for getting processed by all BeanPostProcessors (for example: not eligible for auto-proxying)
2019-02-02 21:39:44.802 [main] INFO  o.s.c.s.PostProcessorRegistrationDelegate$BeanPostProcessorChecker - Bean 'sessionManager' of type [org.apache.shiro.web.session.mgt.DefaultWebSessionManager] is not eligible for getting processed by all BeanPostProcessors (for example: not eligible for auto-proxying)
2019-02-02 21:39:45.216 [main] INFO  o.s.c.s.PostProcessorRegistrationDelegate$BeanPostProcessorChecker - Bean 'securityManager' of type [org.apache.shiro.web.mgt.DefaultWebSecurityManager] is not eligible for getting processed by all BeanPostProcessors (for example: not eligible for auto-proxying)
2019-02-02 21:39:45.254 [main] INFO  o.s.c.s.PostProcessorRegistrationDelegate$BeanPostProcessorChecker - Bean 'org.springframework.transaction.annotation.ProxyTransactionManagementConfiguration' of type [org.springframework.transaction.annotation.ProxyTransactionManagementConfiguration$$EnhancerBySpringCGLIB$$40386111] is not eligible for getting processed by all BeanPostProcessors (for example: not eligible for auto-proxying)
2019-02-02 21:39:45.269 [main] INFO  o.s.c.s.PostProcessorRegistrationDelegate$BeanPostProcessorChecker - Bean 'authorizationAttributeSourceAdvisor' of type [org.apache.shiro.spring.security.interceptor.AuthorizationAttributeSourceAdvisor] is not eligible for getting processed by all BeanPostProcessors (for example: not eligible for auto-proxying)
2019-02-02 21:39:46.228 [main] INFO  o.s.boot.web.embedded.tomcat.TomcatWebServer - Tomcat initialized with port(s): 8081 (http)
2019-02-02 21:39:46.252 [main] INFO  org.apache.coyote.http11.Http11NioProtocol - Initializing ProtocolHandler ["http-nio-8081"]
2019-02-02 21:39:46.262 [main] INFO  org.apache.catalina.core.StandardService - Starting service [Tomcat]
2019-02-02 21:39:46.263 [main] INFO  org.apache.catalina.core.StandardEngine - Starting Servlet Engine: Apache Tomcat/9.0.12
2019-02-02 21:39:46.275 [main] INFO  org.apache.catalina.core.AprLifecycleListener - The APR based Apache Tomcat Native library which allows optimal performance in production environments was not found on the java.library.path: [/Users/sangxiang/Library/Java/Extensions:/Library/Java/Extensions:/Network/Library/Java/Extensions:/System/Library/Java/Extensions:/usr/lib/java:.]
2019-02-02 21:39:46.542 [main] INFO  o.a.c.core.ContainerBase.[Tomcat].[localhost].[/] - Initializing Spring embedded WebApplicationContext
2019-02-02 21:39:46.542 [main] INFO  org.springframework.web.context.ContextLoader - Root WebApplicationContext: initialization completed in 5169 ms
2019-02-02 21:39:46.609 [main] INFO  o.s.boot.web.servlet.ServletRegistrationBean - Servlet dispatcherServlet mapped to [/]
2019-02-02 21:39:46.614 [main] INFO  o.s.boot.web.servlet.FilterRegistrationBean - Mapping filter: 'characterEncodingFilter' to: [/*]
2019-02-02 21:39:46.614 [main] INFO  o.s.boot.web.servlet.FilterRegistrationBean - Mapping filter: 'hiddenHttpMethodFilter' to: [/*]
2019-02-02 21:39:46.615 [main] INFO  o.s.boot.web.servlet.FilterRegistrationBean - Mapping filter: 'formContentFilter' to: [/*]
2019-02-02 21:39:46.615 [main] INFO  o.s.boot.web.servlet.FilterRegistrationBean - Mapping filter: 'requestContextFilter' to: [/*]
2019-02-02 21:39:46.615 [main] INFO  o.s.boot.web.servlet.FilterRegistrationBean - Mapping filter: 'shiroFilter' to: [/*]
2019-02-02 21:39:48.319 [main] INFO  o.s.scheduling.concurrent.ThreadPoolTaskExecutor - Initializing ExecutorService 'applicationTaskExecutor'
2019-02-02 21:39:48.857 [main] INFO  o.s.b.a.web.servlet.WelcomePageHandlerMapping - Adding welcome page template: index
2019-02-02 21:39:50.878 [main] INFO  org.apache.coyote.http11.Http11NioProtocol - Starting ProtocolHandler ["http-nio-8081"]
2019-02-02 21:39:50.911 [main] INFO  org.apache.tomcat.util.net.NioSelectorPool - Using a shared selector for servlet write/read
2019-02-02 21:39:50.931 [main] INFO  o.s.boot.web.embedded.tomcat.TomcatWebServer - Tomcat started on port(s): 8081 (http) with context path ''
2019-02-02 21:39:50.951 [main] INFO  com.sangxiang.web.App - Started App in 11.728 seconds (JVM running for 13.214)
2019-02-02 21:40:18.962 [Thread-25] INFO  o.s.scheduling.concurrent.ThreadPoolTaskExecutor - Shutting down ExecutorService 'applicationTaskExecutor'
2019-02-02 21:44:14.618 [main] INFO  com.sangxiang.web.App - Starting App on sangxiangMBP with PID 5409 (/Users/sangxiang/Desktop/web-server/shuadan/app/target/classes started by sangxiang in /Users/sangxiang/Desktop/web-server/shuadan)
2019-02-02 21:44:14.623 [main] INFO  com.sangxiang.web.App - The following profiles are active: dev
2019-02-02 21:44:16.467 [main] INFO  o.s.d.r.config.RepositoryConfigurationDelegate - Multiple Spring Data modules found, entering strict repository configuration mode!
2019-02-02 21:44:16.472 [main] INFO  o.s.d.r.config.RepositoryConfigurationDelegate - Bootstrapping Spring Data repositories in DEFAULT mode.
2019-02-02 21:44:16.547 [main] INFO  o.s.d.r.config.RepositoryConfigurationDelegate - Finished Spring Data repository scanning in 19ms. Found 0 repository interfaces.
2019-02-02 21:44:17.098 [main] INFO  o.s.c.s.PostProcessorRegistrationDelegate$BeanPostProcessorChecker - Bean 'shiroConfig' of type [com.sangxiang.web.oauth2.ShiroConfig$$EnhancerBySpringCGLIB$$a8c8bfc6] is not eligible for getting processed by all BeanPostProcessors (for example: not eligible for auto-proxying)
2019-02-02 21:44:17.481 [main] INFO  o.s.c.s.PostProcessorRegistrationDelegate$BeanPostProcessorChecker - Bean 'mybatis-org.mybatis.spring.boot.autoconfigure.MybatisProperties' of type [org.mybatis.spring.boot.autoconfigure.MybatisProperties] is not eligible for getting processed by all BeanPostProcessors (for example: not eligible for auto-proxying)
2019-02-02 21:44:17.488 [main] INFO  o.s.c.s.PostProcessorRegistrationDelegate$BeanPostProcessorChecker - Bean 'org.mybatis.spring.boot.autoconfigure.MybatisAutoConfiguration' of type [org.mybatis.spring.boot.autoconfigure.MybatisAutoConfiguration$$EnhancerBySpringCGLIB$$d8474cbe] is not eligible for getting processed by all BeanPostProcessors (for example: not eligible for auto-proxying)
2019-02-02 21:44:17.491 [main] INFO  o.s.c.s.PostProcessorRegistrationDelegate$BeanPostProcessorChecker - Bean 'org.springframework.boot.autoconfigure.jdbc.DataSourceConfiguration$Hikari' of type [org.springframework.boot.autoconfigure.jdbc.DataSourceConfiguration$Hikari] is not eligible for getting processed by all BeanPostProcessors (for example: not eligible for auto-proxying)
2019-02-02 21:44:17.500 [main] INFO  o.s.c.s.PostProcessorRegistrationDelegate$BeanPostProcessorChecker - Bean 'spring.datasource-org.springframework.boot.autoconfigure.jdbc.DataSourceProperties' of type [org.springframework.boot.autoconfigure.jdbc.DataSourceProperties] is not eligible for getting processed by all BeanPostProcessors (for example: not eligible for auto-proxying)
2019-02-02 21:44:17.528 [main] INFO  o.s.c.s.PostProcessorRegistrationDelegate$BeanPostProcessorChecker - Bean 'dataSource' of type [com.zaxxer.hikari.HikariDataSource] is not eligible for getting processed by all BeanPostProcessors (for example: not eligible for auto-proxying)
2019-02-02 21:44:18.081 [main] INFO  o.s.c.s.PostProcessorRegistrationDelegate$BeanPostProcessorChecker - Bean 'sqlSessionFactory' of type [org.apache.ibatis.session.defaults.DefaultSqlSessionFactory] is not eligible for getting processed by all BeanPostProcessors (for example: not eligible for auto-proxying)
2019-02-02 21:44:18.090 [main] INFO  o.s.c.s.PostProcessorRegistrationDelegate$BeanPostProcessorChecker - Bean 'sqlSessionTemplate' of type [org.mybatis.spring.SqlSessionTemplate] is not eligible for getting processed by all BeanPostProcessors (for example: not eligible for auto-proxying)
2019-02-02 21:44:18.091 [main] INFO  o.s.c.s.PostProcessorRegistrationDelegate$BeanPostProcessorChecker - Bean 'sysUserTokenMapper' of type [org.mybatis.spring.mapper.MapperFactoryBean] is not eligible for getting processed by all BeanPostProcessors (for example: not eligible for auto-proxying)
2019-02-02 21:44:18.094 [main] INFO  o.s.c.s.PostProcessorRegistrationDelegate$BeanPostProcessorChecker - Bean 'sysUserTokenMapper' of type [com.sun.proxy.$Proxy70] is not eligible for getting processed by all BeanPostProcessors (for example: not eligible for auto-proxying)
2019-02-02 21:44:18.101 [main] INFO  o.s.c.s.PostProcessorRegistrationDelegate$BeanPostProcessorChecker - Bean 'sysUserTokenServiceImpl' of type [com.sangxiang.dao.service.impl.SysUserTokenServiceImpl] is not eligible for getting processed by all BeanPostProcessors (for example: not eligible for auto-proxying)
2019-02-02 21:44:18.109 [main] INFO  o.s.c.s.PostProcessorRegistrationDelegate$BeanPostProcessorChecker - Bean 'sysUserMapper' of type [org.mybatis.spring.mapper.MapperFactoryBean] is not eligible for getting processed by all BeanPostProcessors (for example: not eligible for auto-proxying)
2019-02-02 21:44:18.114 [main] INFO  o.s.c.s.PostProcessorRegistrationDelegate$BeanPostProcessorChecker - Bean 'sysUserMapper' of type [com.sun.proxy.$Proxy72] is not eligible for getting processed by all BeanPostProcessors (for example: not eligible for auto-proxying)
2019-02-02 21:44:18.117 [main] INFO  o.s.c.s.PostProcessorRegistrationDelegate$BeanPostProcessorChecker - Bean 'sysUserServiceImpl' of type [com.sangxiang.dao.service.impl.SysUserServiceImpl] is not eligible for getting processed by all BeanPostProcessors (for example: not eligible for auto-proxying)
2019-02-02 21:44:18.123 [main] INFO  o.s.c.s.PostProcessorRegistrationDelegate$BeanPostProcessorChecker - Bean 'sysRoleMapper' of type [org.mybatis.spring.mapper.MapperFactoryBean] is not eligible for getting processed by all BeanPostProcessors (for example: not eligible for auto-proxying)
2019-02-02 21:44:18.126 [main] INFO  o.s.c.s.PostProcessorRegistrationDelegate$BeanPostProcessorChecker - Bean 'sysRoleMapper' of type [com.sun.proxy.$Proxy73] is not eligible for getting processed by all BeanPostProcessors (for example: not eligible for auto-proxying)
2019-02-02 21:44:18.127 [main] INFO  o.s.c.s.PostProcessorRegistrationDelegate$BeanPostProcessorChecker - Bean 'sysRoleServiceImpl' of type [com.sangxiang.dao.service.impl.SysRoleServiceImpl] is not eligible for getting processed by all BeanPostProcessors (for example: not eligible for auto-proxying)
2019-02-02 21:44:18.128 [main] INFO  o.s.c.s.PostProcessorRegistrationDelegate$BeanPostProcessorChecker - Bean 'OAuth2Realm' of type [com.sangxiang.web.oauth2.OAuth2Realm] is not eligible for getting processed by all BeanPostProcessors (for example: not eligible for auto-proxying)
2019-02-02 21:44:18.151 [main] INFO  o.s.c.s.PostProcessorRegistrationDelegate$BeanPostProcessorChecker - Bean 'sessionManager' of type [org.apache.shiro.web.session.mgt.DefaultWebSessionManager] is not eligible for getting processed by all BeanPostProcessors (for example: not eligible for auto-proxying)
2019-02-02 21:44:18.605 [main] INFO  o.s.c.s.PostProcessorRegistrationDelegate$BeanPostProcessorChecker - Bean 'securityManager' of type [org.apache.shiro.web.mgt.DefaultWebSecurityManager] is not eligible for getting processed by all BeanPostProcessors (for example: not eligible for auto-proxying)
2019-02-02 21:44:18.644 [main] INFO  o.s.c.s.PostProcessorRegistrationDelegate$BeanPostProcessorChecker - Bean 'org.springframework.transaction.annotation.ProxyTransactionManagementConfiguration' of type [org.springframework.transaction.annotation.ProxyTransactionManagementConfiguration$$EnhancerBySpringCGLIB$$a572fb8e] is not eligible for getting processed by all BeanPostProcessors (for example: not eligible for auto-proxying)
2019-02-02 21:44:18.658 [main] INFO  o.s.c.s.PostProcessorRegistrationDelegate$BeanPostProcessorChecker - Bean 'authorizationAttributeSourceAdvisor' of type [org.apache.shiro.spring.security.interceptor.AuthorizationAttributeSourceAdvisor] is not eligible for getting processed by all BeanPostProcessors (for example: not eligible for auto-proxying)
2019-02-02 21:44:19.612 [main] INFO  o.s.boot.web.embedded.tomcat.TomcatWebServer - Tomcat initialized with port(s): 8081 (http)
2019-02-02 21:44:19.632 [main] INFO  org.apache.coyote.http11.Http11NioProtocol - Initializing ProtocolHandler ["http-nio-8081"]
2019-02-02 21:44:19.639 [main] INFO  org.apache.catalina.core.StandardService - Starting service [Tomcat]
2019-02-02 21:44:19.639 [main] INFO  org.apache.catalina.core.StandardEngine - Starting Servlet Engine: Apache Tomcat/9.0.12
2019-02-02 21:44:19.647 [main] INFO  org.apache.catalina.core.AprLifecycleListener - The APR based Apache Tomcat Native library which allows optimal performance in production environments was not found on the java.library.path: [/Users/sangxiang/Library/Java/Extensions:/Library/Java/Extensions:/Network/Library/Java/Extensions:/System/Library/Java/Extensions:/usr/lib/java:.]
2019-02-02 21:44:19.795 [main] INFO  o.a.c.core.ContainerBase.[Tomcat].[localhost].[/] - Initializing Spring embedded WebApplicationContext
2019-02-02 21:44:19.795 [main] INFO  org.springframework.web.context.ContextLoader - Root WebApplicationContext: initialization completed in 4935 ms
2019-02-02 21:44:19.936 [main] INFO  o.s.boot.web.servlet.ServletRegistrationBean - Servlet dispatcherServlet mapped to [/]
2019-02-02 21:44:19.942 [main] INFO  o.s.boot.web.servlet.FilterRegistrationBean - Mapping filter: 'characterEncodingFilter' to: [/*]
2019-02-02 21:44:19.943 [main] INFO  o.s.boot.web.servlet.FilterRegistrationBean - Mapping filter: 'hiddenHttpMethodFilter' to: [/*]
2019-02-02 21:44:19.943 [main] INFO  o.s.boot.web.servlet.FilterRegistrationBean - Mapping filter: 'formContentFilter' to: [/*]
2019-02-02 21:44:19.943 [main] INFO  o.s.boot.web.servlet.FilterRegistrationBean - Mapping filter: 'requestContextFilter' to: [/*]
2019-02-02 21:44:19.943 [main] INFO  o.s.boot.web.servlet.FilterRegistrationBean - Mapping filter: 'shiroFilter' to: [/*]
2019-02-02 21:44:21.779 [main] INFO  o.s.scheduling.concurrent.ThreadPoolTaskExecutor - Initializing ExecutorService 'applicationTaskExecutor'
2019-02-02 21:44:22.111 [main] INFO  o.s.b.a.web.servlet.WelcomePageHandlerMapping - Adding welcome page template: index
2019-02-02 21:44:23.759 [main] INFO  org.apache.coyote.http11.Http11NioProtocol - Starting ProtocolHandler ["http-nio-8081"]
2019-02-02 21:44:23.785 [main] INFO  org.apache.tomcat.util.net.NioSelectorPool - Using a shared selector for servlet write/read
2019-02-02 21:44:23.811 [main] INFO  o.s.boot.web.embedded.tomcat.TomcatWebServer - Tomcat started on port(s): 8081 (http) with context path ''
2019-02-02 21:44:23.818 [main] INFO  com.sangxiang.web.App - Started App in 11.37 seconds (JVM running for 12.851)
2019-02-02 22:43:42.699 [Thread-24] INFO  o.s.scheduling.concurrent.ThreadPoolTaskExecutor - Shutting down ExecutorService 'applicationTaskExecutor'
2019-02-02 22:46:14.668 [main] INFO  com.sangxiang.app.App - Starting App on sangxiangMBP with PID 5474 (/Users/sangxiang/Desktop/web-server/shuadan/app/target/classes started by sangxiang in /Users/sangxiang/Desktop/web-server/shuadan)
2019-02-02 22:46:14.718 [main] INFO  com.sangxiang.app.App - The following profiles are active: dev
2019-02-02 22:46:16.308 [main] INFO  o.s.d.r.config.RepositoryConfigurationDelegate - Multiple Spring Data modules found, entering strict repository configuration mode!
2019-02-02 22:46:16.315 [main] INFO  o.s.d.r.config.RepositoryConfigurationDelegate - Bootstrapping Spring Data repositories in DEFAULT mode.
2019-02-02 22:46:16.374 [main] INFO  o.s.d.r.config.RepositoryConfigurationDelegate - Finished Spring Data repository scanning in 12ms. Found 0 repository interfaces.
2019-02-02 22:46:17.060 [main] INFO  o.s.c.s.PostProcessorRegistrationDelegate$BeanPostProcessorChecker - Bean 'org.springframework.transaction.annotation.ProxyTransactionManagementConfiguration' of type [org.springframework.transaction.annotation.ProxyTransactionManagementConfiguration$$EnhancerBySpringCGLIB$$1a2029c4] is not eligible for getting processed by all BeanPostProcessors (for example: not eligible for auto-proxying)
2019-02-02 22:46:18.064 [main] INFO  o.s.boot.web.embedded.tomcat.TomcatWebServer - Tomcat initialized with port(s): 8081 (http)
2019-02-02 22:46:18.094 [main] INFO  org.apache.coyote.http11.Http11NioProtocol - Initializing ProtocolHandler ["http-nio-8081"]
2019-02-02 22:46:18.109 [main] INFO  org.apache.catalina.core.StandardService - Starting service [Tomcat]
2019-02-02 22:46:18.111 [main] INFO  org.apache.catalina.core.StandardEngine - Starting Servlet Engine: Apache Tomcat/9.0.12
2019-02-02 22:46:18.131 [main] INFO  org.apache.catalina.core.AprLifecycleListener - The APR based Apache Tomcat Native library which allows optimal performance in production environments was not found on the java.library.path: [/Users/sangxiang/Library/Java/Extensions:/Library/Java/Extensions:/Network/Library/Java/Extensions:/System/Library/Java/Extensions:/usr/lib/java:.]
2019-02-02 22:46:18.374 [main] INFO  o.a.c.core.ContainerBase.[Tomcat].[localhost].[/] - Initializing Spring embedded WebApplicationContext
2019-02-02 22:46:18.374 [main] INFO  org.springframework.web.context.ContextLoader - Root WebApplicationContext: initialization completed in 3515 ms
2019-02-02 22:46:18.418 [main] INFO  o.s.boot.web.servlet.ServletRegistrationBean - Servlet dispatcherServlet mapped to [/]
2019-02-02 22:46:18.425 [main] INFO  o.s.boot.web.servlet.FilterRegistrationBean - Mapping filter: 'characterEncodingFilter' to: [/*]
2019-02-02 22:46:18.426 [main] INFO  o.s.boot.web.servlet.FilterRegistrationBean - Mapping filter: 'hiddenHttpMethodFilter' to: [/*]
2019-02-02 22:46:18.426 [main] INFO  o.s.boot.web.servlet.FilterRegistrationBean - Mapping filter: 'formContentFilter' to: [/*]
2019-02-02 22:46:18.426 [main] INFO  o.s.boot.web.servlet.FilterRegistrationBean - Mapping filter: 'requestContextFilter' to: [/*]
2019-02-02 22:46:20.130 [main] INFO  o.s.scheduling.concurrent.ThreadPoolTaskExecutor - Initializing ExecutorService 'applicationTaskExecutor'
2019-02-02 22:46:22.700 [main] INFO  org.apache.coyote.http11.Http11NioProtocol - Starting ProtocolHandler ["http-nio-8081"]
2019-02-02 22:46:22.786 [main] INFO  org.apache.tomcat.util.net.NioSelectorPool - Using a shared selector for servlet write/read
2019-02-02 22:46:22.832 [main] INFO  o.s.boot.web.embedded.tomcat.TomcatWebServer - Tomcat started on port(s): 8081 (http) with context path ''
2019-02-02 22:46:22.837 [main] INFO  com.sangxiang.app.App - Started App in 9.647 seconds (JVM running for 10.995)
2019-02-02 22:51:20.631 [Thread-3] INFO  o.s.scheduling.concurrent.ThreadPoolTaskExecutor - Shutting down ExecutorService 'applicationTaskExecutor'
