2019-03-12 09:21:06.239 [main] INFO  com.sangxiang.app.App - Starting App on DESKTOP-OFO52A3 with PID 9668 (C:\my_code\web-server\shuadan\app\target\classes started by sangxiang in C:\my_code\web-server\shuadan)
2019-03-12 09:21:06.289 [main] INFO  com.sangxiang.app.App - The following profiles are active: dev
2019-03-12 09:21:08.109 [main] INFO  o.s.d.r.config.RepositoryConfigurationDelegate - Multiple Spring Data modules found, entering strict repository configuration mode!
2019-03-12 09:21:08.109 [main] INFO  o.s.d.r.config.RepositoryConfigurationDelegate - Bootstrapping Spring Data repositories in DEFAULT mode.
2019-03-12 09:21:08.199 [main] INFO  o.s.d.r.config.RepositoryConfigurationDelegate - Finished Spring Data repository scanning in 10ms. Found 0 repository interfaces.
2019-03-12 09:21:08.749 [main] INFO  o.s.c.s.PostProcessorRegistrationDelegate$BeanPostProcessorChecker - Bean 'asyncConfig' of type [com.sangxiang.app.config.AsyncConfig$$EnhancerBySpringCGLIB$$1429729e] is not eligible for getting processed by all BeanPostProcessors (for example: not eligible for auto-proxying)
2019-03-12 09:21:08.889 [main] INFO  o.s.c.s.PostProcessorRegistrationDelegate$BeanPostProcessorChecker - Bean 'org.springframework.transaction.annotation.ProxyTransactionManagementConfiguration' of type [org.springframework.transaction.annotation.ProxyTransactionManagementConfiguration$$EnhancerBySpringCGLIB$$1dc1c221] is not eligible for getting processed by all BeanPostProcessors (for example: not eligible for auto-proxying)
2019-03-12 09:21:09.869 [main] INFO  o.s.boot.web.embedded.tomcat.TomcatWebServer - Tomcat initialized with port(s): 8081 (http)
2019-03-12 09:21:09.899 [main] INFO  org.apache.coyote.http11.Http11NioProtocol - Initializing ProtocolHandler ["http-nio-8081"]
2019-03-12 09:21:09.919 [main] INFO  org.apache.catalina.core.StandardService - Starting service [Tomcat]
2019-03-12 09:21:09.919 [main] INFO  org.apache.catalina.core.StandardEngine - Starting Servlet Engine: Apache Tomcat/9.0.12
2019-03-12 09:21:09.929 [main] INFO  org.apache.catalina.core.AprLifecycleListener - The APR based Apache Tomcat Native library which allows optimal performance in production environments was not found on the java.library.path: [C:\Program Files\Java\jdk1.8.0_201\bin;C:\Windows\Sun\Java\bin;C:\Windows\system32;C:\Windows;C:\Program Files (x86)\Common Files\Oracle\Java\javapath;C:\Program Files (x86)\Intel\Intel(R) Management Engine Components\iCLS\;C:\Program Files\Intel\Intel(R) Management Engine Components\iCLS\;C:\Windows\system32;C:\Windows;C:\Windows\System32\Wbem;C:\Windows\System32\WindowsPowerShell\v1.0\;C:\Windows\System32\OpenSSH\;C:\Program Files (x86)\Intel\Intel(R) Management Engine Components\DAL;C:\Program Files\Intel\Intel(R) Management Engine Components\DAL;C:\Program Files (x86)\Intel\Intel(R) Management Engine Components\IPT;C:\Program Files\Intel\Intel(R) Management Engine Components\IPT;C:\Program Files\Java\jdk1.8.0_201\bin;C:\Program Files\Java\jdk1.8.0_201\jre\bin;C:\Program Files\TortoiseSVN\bin;C:\Program Files\Android\Android Studio\gradle\gradle-4.6\bin;C:\Program Files\PuTTY\;C:\Users\sangxiang\AppData\Local\Microsoft\WindowsApps;;.]
2019-03-12 09:21:10.139 [main] INFO  o.a.c.core.ContainerBase.[Tomcat].[localhost].[/] - Initializing Spring embedded WebApplicationContext
2019-03-12 09:21:10.139 [main] INFO  org.springframework.web.context.ContextLoader - Root WebApplicationContext: initialization completed in 3580 ms
2019-03-12 09:21:10.199 [main] INFO  o.s.boot.web.servlet.FilterRegistrationBean - Mapping filter: 'characterEncodingFilter' to: [/*]
2019-03-12 09:21:10.199 [main] INFO  o.s.boot.web.servlet.FilterRegistrationBean - Mapping filter: 'hiddenHttpMethodFilter' to: [/*]
2019-03-12 09:21:10.199 [main] INFO  o.s.boot.web.servlet.FilterRegistrationBean - Mapping filter: 'formContentFilter' to: [/*]
2019-03-12 09:21:10.209 [main] INFO  o.s.boot.web.servlet.FilterRegistrationBean - Mapping filter: 'requestContextFilter' to: [/*]
2019-03-12 09:21:10.209 [main] INFO  o.s.boot.web.servlet.FilterRegistrationBean - Mapping filter: 'myHttpLogFilter' to urls: [/*]
2019-03-12 09:21:10.209 [main] INFO  o.s.boot.web.servlet.ServletRegistrationBean - Servlet dispatcherServlet mapped to [/]
2019-03-12 09:21:11.088 [main] INFO  org.apache.catalina.core.StandardService - Stopping service [Tomcat]
2019-03-12 10:26:30.276 [main] INFO  com.sangxiang.app.App - Starting App on DESKTOP-OFO52A3 with PID 12292 (C:\my_code\web-server\shuadan\app\target\classes started by sangxiang in C:\my_code\web-server\shuadan)
2019-03-12 10:26:30.278 [main] INFO  com.sangxiang.app.App - The following profiles are active: dev
2019-03-12 10:26:31.730 [main] INFO  o.s.d.r.config.RepositoryConfigurationDelegate - Multiple Spring Data modules found, entering strict repository configuration mode!
2019-03-12 10:26:31.733 [main] INFO  o.s.d.r.config.RepositoryConfigurationDelegate - Bootstrapping Spring Data repositories in DEFAULT mode.
2019-03-12 10:26:31.765 [main] INFO  o.s.d.r.config.RepositoryConfigurationDelegate - Finished Spring Data repository scanning in 12ms. Found 0 repository interfaces.
2019-03-12 10:26:32.079 [main] INFO  o.s.c.s.PostProcessorRegistrationDelegate$BeanPostProcessorChecker - Bean 'asyncConfig' of type [com.sangxiang.app.config.AsyncConfig$$EnhancerBySpringCGLIB$$4887571f] is not eligible for getting processed by all BeanPostProcessors (for example: not eligible for auto-proxying)
2019-03-12 10:26:32.148 [main] INFO  o.s.c.s.PostProcessorRegistrationDelegate$BeanPostProcessorChecker - Bean 'org.springframework.transaction.annotation.ProxyTransactionManagementConfiguration' of type [org.springframework.transaction.annotation.ProxyTransactionManagementConfiguration$$EnhancerBySpringCGLIB$$521fa6a2] is not eligible for getting processed by all BeanPostProcessors (for example: not eligible for auto-proxying)
2019-03-12 10:26:32.697 [main] INFO  o.s.boot.web.embedded.tomcat.TomcatWebServer - Tomcat initialized with port(s): 8081 (http)
2019-03-12 10:26:32.713 [main] INFO  org.apache.coyote.http11.Http11NioProtocol - Initializing ProtocolHandler ["http-nio-8081"]
2019-03-12 10:26:32.720 [main] INFO  org.apache.catalina.core.StandardService - Starting service [Tomcat]
2019-03-12 10:26:32.720 [main] INFO  org.apache.catalina.core.StandardEngine - Starting Servlet Engine: Apache Tomcat/9.0.12
2019-03-12 10:26:32.731 [main] INFO  org.apache.catalina.core.AprLifecycleListener - The APR based Apache Tomcat Native library which allows optimal performance in production environments was not found on the java.library.path: [C:\Program Files\Java\jdk1.8.0_201\bin;C:\Windows\Sun\Java\bin;C:\Windows\system32;C:\Windows;C:\Program Files (x86)\Common Files\Oracle\Java\javapath;C:\Program Files (x86)\Intel\Intel(R) Management Engine Components\iCLS\;C:\Program Files\Intel\Intel(R) Management Engine Components\iCLS\;C:\Windows\system32;C:\Windows;C:\Windows\System32\Wbem;C:\Windows\System32\WindowsPowerShell\v1.0\;C:\Windows\System32\OpenSSH\;C:\Program Files (x86)\Intel\Intel(R) Management Engine Components\DAL;C:\Program Files\Intel\Intel(R) Management Engine Components\DAL;C:\Program Files (x86)\Intel\Intel(R) Management Engine Components\IPT;C:\Program Files\Intel\Intel(R) Management Engine Components\IPT;C:\Program Files\Java\jdk1.8.0_201\bin;C:\Program Files\Java\jdk1.8.0_201\jre\bin;C:\Program Files\TortoiseSVN\bin;C:\Program Files\Android\Android Studio\gradle\gradle-4.6\bin;C:\Program Files\PuTTY\;C:\Users\sangxiang\AppData\Local\Microsoft\WindowsApps;;.]
2019-03-12 10:26:32.892 [main] INFO  o.a.c.core.ContainerBase.[Tomcat].[localhost].[/] - Initializing Spring embedded WebApplicationContext
2019-03-12 10:26:32.892 [main] INFO  org.springframework.web.context.ContextLoader - Root WebApplicationContext: initialization completed in 2474 ms
2019-03-12 10:26:32.959 [main] INFO  o.s.boot.web.servlet.FilterRegistrationBean - Mapping filter: 'characterEncodingFilter' to: [/*]
2019-03-12 10:26:32.959 [main] INFO  o.s.boot.web.servlet.FilterRegistrationBean - Mapping filter: 'hiddenHttpMethodFilter' to: [/*]
2019-03-12 10:26:32.961 [main] INFO  o.s.boot.web.servlet.FilterRegistrationBean - Mapping filter: 'formContentFilter' to: [/*]
2019-03-12 10:26:32.961 [main] INFO  o.s.boot.web.servlet.FilterRegistrationBean - Mapping filter: 'requestContextFilter' to: [/*]
2019-03-12 10:26:32.961 [main] INFO  o.s.boot.web.servlet.FilterRegistrationBean - Mapping filter: 'myHttpLogFilter' to urls: [/*]
2019-03-12 10:26:32.963 [main] INFO  o.s.boot.web.servlet.ServletRegistrationBean - Servlet dispatcherServlet mapped to [/]
2019-03-12 10:26:34.432 [main] INFO  o.s.scheduling.concurrent.ThreadPoolTaskExecutor - Initializing ExecutorService 'applicationTaskExecutor'
2019-03-12 10:26:35.823 [main] INFO  o.s.scheduling.concurrent.ThreadPoolTaskExecutor - Initializing ExecutorService
2019-03-12 10:26:36.270 [main] INFO  org.apache.coyote.http11.Http11NioProtocol - Starting ProtocolHandler ["http-nio-8081"]
2019-03-12 10:26:36.283 [main] INFO  org.apache.tomcat.util.net.NioSelectorPool - Using a shared selector for servlet write/read
2019-03-12 10:26:36.304 [main] INFO  o.s.boot.web.embedded.tomcat.TomcatWebServer - Tomcat started on port(s): 8081 (http) with context path ''
2019-03-12 10:26:36.306 [main] INFO  com.sangxiang.app.App - Started App in 6.796 seconds (JVM running for 7.381)
2019-03-12 10:30:36.999 [main] INFO  com.sangxiang.app.App - Starting App on DESKTOP-OFO52A3 with PID 13968 (C:\my_code\web-server\shuadan\app\target\classes started by sangxiang in C:\my_code\web-server\shuadan)
2019-03-12 10:30:37.002 [main] INFO  com.sangxiang.app.App - The following profiles are active: pro
2019-03-12 10:30:38.442 [main] INFO  o.s.d.r.config.RepositoryConfigurationDelegate - Multiple Spring Data modules found, entering strict repository configuration mode!
2019-03-12 10:30:38.445 [main] INFO  o.s.d.r.config.RepositoryConfigurationDelegate - Bootstrapping Spring Data repositories in DEFAULT mode.
2019-03-12 10:30:38.482 [main] INFO  o.s.d.r.config.RepositoryConfigurationDelegate - Finished Spring Data repository scanning in 21ms. Found 0 repository interfaces.
2019-03-12 10:30:38.840 [main] INFO  o.s.c.s.PostProcessorRegistrationDelegate$BeanPostProcessorChecker - Bean 'asyncConfig' of type [com.sangxiang.app.config.AsyncConfig$$EnhancerBySpringCGLIB$$d8d19eab] is not eligible for getting processed by all BeanPostProcessors (for example: not eligible for auto-proxying)
2019-03-12 10:30:38.899 [main] INFO  o.s.c.s.PostProcessorRegistrationDelegate$BeanPostProcessorChecker - Bean 'org.springframework.transaction.annotation.ProxyTransactionManagementConfiguration' of type [org.springframework.transaction.annotation.ProxyTransactionManagementConfiguration$$EnhancerBySpringCGLIB$$e269ee2e] is not eligible for getting processed by all BeanPostProcessors (for example: not eligible for auto-proxying)
2019-03-12 10:30:39.327 [main] INFO  o.s.boot.web.embedded.tomcat.TomcatWebServer - Tomcat initialized with port(s): 8081 (http)
2019-03-12 10:30:39.340 [main] INFO  org.apache.coyote.http11.Http11NioProtocol - Initializing ProtocolHandler ["http-nio-8081"]
2019-03-12 10:30:39.347 [main] INFO  org.apache.catalina.core.StandardService - Starting service [Tomcat]
2019-03-12 10:30:39.347 [main] INFO  org.apache.catalina.core.StandardEngine - Starting Servlet Engine: Apache Tomcat/9.0.12
2019-03-12 10:30:39.356 [main] INFO  org.apache.catalina.core.AprLifecycleListener - The APR based Apache Tomcat Native library which allows optimal performance in production environments was not found on the java.library.path: [C:\Program Files\Java\jdk1.8.0_201\bin;C:\Windows\Sun\Java\bin;C:\Windows\system32;C:\Windows;C:\Program Files (x86)\Common Files\Oracle\Java\javapath;C:\Program Files (x86)\Intel\Intel(R) Management Engine Components\iCLS\;C:\Program Files\Intel\Intel(R) Management Engine Components\iCLS\;C:\Windows\system32;C:\Windows;C:\Windows\System32\Wbem;C:\Windows\System32\WindowsPowerShell\v1.0\;C:\Windows\System32\OpenSSH\;C:\Program Files (x86)\Intel\Intel(R) Management Engine Components\DAL;C:\Program Files\Intel\Intel(R) Management Engine Components\DAL;C:\Program Files (x86)\Intel\Intel(R) Management Engine Components\IPT;C:\Program Files\Intel\Intel(R) Management Engine Components\IPT;C:\Program Files\Java\jdk1.8.0_201\bin;C:\Program Files\Java\jdk1.8.0_201\jre\bin;C:\Program Files\TortoiseSVN\bin;C:\Program Files\Android\Android Studio\gradle\gradle-4.6\bin;C:\Program Files\PuTTY\;C:\Users\sangxiang\AppData\Local\Microsoft\WindowsApps;;.]
2019-03-12 10:30:39.497 [main] INFO  o.a.c.core.ContainerBase.[Tomcat].[localhost].[/] - Initializing Spring embedded WebApplicationContext
2019-03-12 10:30:39.497 [main] INFO  org.springframework.web.context.ContextLoader - Root WebApplicationContext: initialization completed in 2279 ms
2019-03-12 10:30:39.526 [main] INFO  o.s.boot.web.servlet.ServletRegistrationBean - Servlet dispatcherServlet mapped to [/]
2019-03-12 10:30:39.530 [main] INFO  o.s.boot.web.servlet.FilterRegistrationBean - Mapping filter: 'characterEncodingFilter' to: [/*]
2019-03-12 10:30:39.531 [main] INFO  o.s.boot.web.servlet.FilterRegistrationBean - Mapping filter: 'hiddenHttpMethodFilter' to: [/*]
2019-03-12 10:30:39.531 [main] INFO  o.s.boot.web.servlet.FilterRegistrationBean - Mapping filter: 'formContentFilter' to: [/*]
2019-03-12 10:30:39.531 [main] INFO  o.s.boot.web.servlet.FilterRegistrationBean - Mapping filter: 'requestContextFilter' to: [/*]
2019-03-12 10:30:46.816 [main] INFO  o.s.scheduling.concurrent.ThreadPoolTaskExecutor - Initializing ExecutorService 'applicationTaskExecutor'
2019-03-12 10:30:47.928 [main] INFO  o.s.scheduling.concurrent.ThreadPoolTaskExecutor - Initializing ExecutorService
2019-03-12 10:30:48.231 [main] INFO  org.apache.coyote.http11.Http11NioProtocol - Starting ProtocolHandler ["http-nio-8081"]
2019-03-12 10:30:48.240 [main] INFO  org.apache.tomcat.util.net.NioSelectorPool - Using a shared selector for servlet write/read
2019-03-12 10:30:48.258 [main] INFO  o.s.boot.web.embedded.tomcat.TomcatWebServer - Tomcat started on port(s): 8081 (http) with context path ''
2019-03-12 10:30:48.261 [main] INFO  com.sangxiang.app.App - Started App in 11.879 seconds (JVM running for 12.461)
2019-03-12 10:31:07.832 [main] INFO  com.sangxiang.app.App - Starting App on DESKTOP-OFO52A3 with PID 4896 (C:\my_code\web-server\shuadan\app\target\classes started by sangxiang in C:\my_code\web-server\shuadan)
2019-03-12 10:31:07.869 [main] INFO  com.sangxiang.app.App - The following profiles are active: dev
2019-03-12 10:31:09.081 [main] INFO  o.s.d.r.config.RepositoryConfigurationDelegate - Multiple Spring Data modules found, entering strict repository configuration mode!
2019-03-12 10:31:09.084 [main] INFO  o.s.d.r.config.RepositoryConfigurationDelegate - Bootstrapping Spring Data repositories in DEFAULT mode.
2019-03-12 10:31:09.120 [main] INFO  o.s.d.r.config.RepositoryConfigurationDelegate - Finished Spring Data repository scanning in 13ms. Found 0 repository interfaces.
2019-03-12 10:31:09.417 [main] INFO  o.s.c.s.PostProcessorRegistrationDelegate$BeanPostProcessorChecker - Bean 'asyncConfig' of type [com.sangxiang.app.config.AsyncConfig$$EnhancerBySpringCGLIB$$436266f7] is not eligible for getting processed by all BeanPostProcessors (for example: not eligible for auto-proxying)
2019-03-12 10:31:09.478 [main] INFO  o.s.c.s.PostProcessorRegistrationDelegate$BeanPostProcessorChecker - Bean 'org.springframework.transaction.annotation.ProxyTransactionManagementConfiguration' of type [org.springframework.transaction.annotation.ProxyTransactionManagementConfiguration$$EnhancerBySpringCGLIB$$4cfab67a] is not eligible for getting processed by all BeanPostProcessors (for example: not eligible for auto-proxying)
2019-03-12 10:31:09.993 [main] INFO  o.s.boot.web.embedded.tomcat.TomcatWebServer - Tomcat initialized with port(s): 8081 (http)
2019-03-12 10:31:10.010 [main] INFO  org.apache.coyote.http11.Http11NioProtocol - Initializing ProtocolHandler ["http-nio-8081"]
2019-03-12 10:31:10.019 [main] INFO  org.apache.catalina.core.StandardService - Starting service [Tomcat]
2019-03-12 10:31:10.019 [main] INFO  org.apache.catalina.core.StandardEngine - Starting Servlet Engine: Apache Tomcat/9.0.12
2019-03-12 10:31:10.029 [main] INFO  org.apache.catalina.core.AprLifecycleListener - The APR based Apache Tomcat Native library which allows optimal performance in production environments was not found on the java.library.path: [C:\Program Files\Java\jdk1.8.0_201\bin;C:\Windows\Sun\Java\bin;C:\Windows\system32;C:\Windows;C:\Program Files (x86)\Common Files\Oracle\Java\javapath;C:\Program Files (x86)\Intel\Intel(R) Management Engine Components\iCLS\;C:\Program Files\Intel\Intel(R) Management Engine Components\iCLS\;C:\Windows\system32;C:\Windows;C:\Windows\System32\Wbem;C:\Windows\System32\WindowsPowerShell\v1.0\;C:\Windows\System32\OpenSSH\;C:\Program Files (x86)\Intel\Intel(R) Management Engine Components\DAL;C:\Program Files\Intel\Intel(R) Management Engine Components\DAL;C:\Program Files (x86)\Intel\Intel(R) Management Engine Components\IPT;C:\Program Files\Intel\Intel(R) Management Engine Components\IPT;C:\Program Files\Java\jdk1.8.0_201\bin;C:\Program Files\Java\jdk1.8.0_201\jre\bin;C:\Program Files\TortoiseSVN\bin;C:\Program Files\Android\Android Studio\gradle\gradle-4.6\bin;C:\Program Files\PuTTY\;C:\Users\sangxiang\AppData\Local\Microsoft\WindowsApps;;.]
2019-03-12 10:31:10.181 [main] INFO  o.a.c.core.ContainerBase.[Tomcat].[localhost].[/] - Initializing Spring embedded WebApplicationContext
2019-03-12 10:31:10.182 [main] INFO  org.springframework.web.context.ContextLoader - Root WebApplicationContext: initialization completed in 2207 ms
2019-03-12 10:31:10.284 [main] INFO  o.s.boot.web.servlet.FilterRegistrationBean - Mapping filter: 'characterEncodingFilter' to: [/*]
2019-03-12 10:31:10.285 [main] INFO  o.s.boot.web.servlet.FilterRegistrationBean - Mapping filter: 'hiddenHttpMethodFilter' to: [/*]
2019-03-12 10:31:10.285 [main] INFO  o.s.boot.web.servlet.FilterRegistrationBean - Mapping filter: 'formContentFilter' to: [/*]
2019-03-12 10:31:10.285 [main] INFO  o.s.boot.web.servlet.FilterRegistrationBean - Mapping filter: 'requestContextFilter' to: [/*]
2019-03-12 10:31:10.285 [main] INFO  o.s.boot.web.servlet.FilterRegistrationBean - Mapping filter: 'myHttpLogFilter' to urls: [/*]
2019-03-12 10:31:10.285 [main] INFO  o.s.boot.web.servlet.ServletRegistrationBean - Servlet dispatcherServlet mapped to [/]
2019-03-12 10:31:11.998 [main] INFO  o.s.scheduling.concurrent.ThreadPoolTaskExecutor - Initializing ExecutorService 'applicationTaskExecutor'
2019-03-12 10:31:13.127 [main] INFO  o.s.scheduling.concurrent.ThreadPoolTaskExecutor - Initializing ExecutorService
2019-03-12 10:31:13.784 [main] INFO  org.apache.coyote.http11.Http11NioProtocol - Starting ProtocolHandler ["http-nio-8081"]
2019-03-12 10:31:13.794 [main] INFO  org.apache.tomcat.util.net.NioSelectorPool - Using a shared selector for servlet write/read
2019-03-12 10:31:13.813 [main] INFO  o.s.boot.web.embedded.tomcat.TomcatWebServer - Tomcat started on port(s): 8081 (http) with context path ''
2019-03-12 10:31:13.816 [main] INFO  com.sangxiang.app.App - Started App in 6.768 seconds (JVM running for 7.367)
2019-03-12 10:38:01.103 [main] INFO  com.sangxiang.web.App - Starting App on DESKTOP-OFO52A3 with PID 10136 (C:\my_code\web-server\shuadan\web\target\classes started by sangxiang in C:\my_code\web-server\shuadan)
2019-03-12 10:38:01.105 [main] INFO  com.sangxiang.web.App - The following profiles are active: dev
2019-03-12 10:38:01.856 [main] INFO  o.s.d.r.config.RepositoryConfigurationDelegate - Multiple Spring Data modules found, entering strict repository configuration mode!
2019-03-12 10:38:01.859 [main] INFO  o.s.d.r.config.RepositoryConfigurationDelegate - Bootstrapping Spring Data repositories in DEFAULT mode.
2019-03-12 10:38:01.891 [main] INFO  o.s.d.r.config.RepositoryConfigurationDelegate - Finished Spring Data repository scanning in 13ms. Found 0 repository interfaces.
2019-03-12 10:38:02.089 [main] INFO  o.s.c.s.PostProcessorRegistrationDelegate$BeanPostProcessorChecker - Bean 'shiroConfig' of type [com.sangxiang.web.oauth2.ShiroConfig$$EnhancerBySpringCGLIB$$87599c07] is not eligible for getting processed by all BeanPostProcessors (for example: not eligible for auto-proxying)
2019-03-12 10:38:02.224 [main] INFO  o.s.c.s.PostProcessorRegistrationDelegate$BeanPostProcessorChecker - Bean 'mybatis-org.mybatis.spring.boot.autoconfigure.MybatisProperties' of type [org.mybatis.spring.boot.autoconfigure.MybatisProperties] is not eligible for getting processed by all BeanPostProcessors (for example: not eligible for auto-proxying)
2019-03-12 10:38:02.230 [main] INFO  o.s.c.s.PostProcessorRegistrationDelegate$BeanPostProcessorChecker - Bean 'org.mybatis.spring.boot.autoconfigure.MybatisAutoConfiguration' of type [org.mybatis.spring.boot.autoconfigure.MybatisAutoConfiguration$$EnhancerBySpringCGLIB$$b6d828ff] is not eligible for getting processed by all BeanPostProcessors (for example: not eligible for auto-proxying)
2019-03-12 10:38:02.232 [main] INFO  o.s.c.s.PostProcessorRegistrationDelegate$BeanPostProcessorChecker - Bean 'org.springframework.boot.autoconfigure.jdbc.DataSourceConfiguration$Hikari' of type [org.springframework.boot.autoconfigure.jdbc.DataSourceConfiguration$Hikari] is not eligible for getting processed by all BeanPostProcessors (for example: not eligible for auto-proxying)
2019-03-12 10:38:02.238 [main] INFO  o.s.c.s.PostProcessorRegistrationDelegate$BeanPostProcessorChecker - Bean 'spring.datasource-org.springframework.boot.autoconfigure.jdbc.DataSourceProperties' of type [org.springframework.boot.autoconfigure.jdbc.DataSourceProperties] is not eligible for getting processed by all BeanPostProcessors (for example: not eligible for auto-proxying)
2019-03-12 10:38:02.253 [main] INFO  o.s.c.s.PostProcessorRegistrationDelegate$BeanPostProcessorChecker - Bean 'dataSource' of type [com.zaxxer.hikari.HikariDataSource] is not eligible for getting processed by all BeanPostProcessors (for example: not eligible for auto-proxying)
2019-03-12 10:38:02.439 [main] INFO  o.s.c.s.PostProcessorRegistrationDelegate$BeanPostProcessorChecker - Bean 'sqlSessionFactory' of type [org.apache.ibatis.session.defaults.DefaultSqlSessionFactory] is not eligible for getting processed by all BeanPostProcessors (for example: not eligible for auto-proxying)
2019-03-12 10:38:02.451 [main] INFO  o.s.c.s.PostProcessorRegistrationDelegate$BeanPostProcessorChecker - Bean 'sqlSessionTemplate' of type [org.mybatis.spring.SqlSessionTemplate] is not eligible for getting processed by all BeanPostProcessors (for example: not eligible for auto-proxying)
2019-03-12 10:38:02.452 [main] INFO  o.s.c.s.PostProcessorRegistrationDelegate$BeanPostProcessorChecker - Bean 'sysUserTokenMapper' of type [org.mybatis.spring.mapper.MapperFactoryBean] is not eligible for getting processed by all BeanPostProcessors (for example: not eligible for auto-proxying)
2019-03-12 10:38:02.454 [main] INFO  o.s.c.s.PostProcessorRegistrationDelegate$BeanPostProcessorChecker - Bean 'sysUserTokenMapper' of type [com.sun.proxy.$Proxy70] is not eligible for getting processed by all BeanPostProcessors (for example: not eligible for auto-proxying)
2019-03-12 10:38:02.457 [main] INFO  o.s.c.s.PostProcessorRegistrationDelegate$BeanPostProcessorChecker - Bean 'sysUserTokenServiceImpl' of type [com.sangxiang.dao.service.impl.SysUserTokenServiceImpl] is not eligible for getting processed by all BeanPostProcessors (for example: not eligible for auto-proxying)
2019-03-12 10:38:02.460 [main] INFO  o.s.c.s.PostProcessorRegistrationDelegate$BeanPostProcessorChecker - Bean 'sysUserMapper' of type [org.mybatis.spring.mapper.MapperFactoryBean] is not eligible for getting processed by all BeanPostProcessors (for example: not eligible for auto-proxying)
2019-03-12 10:38:02.461 [main] INFO  o.s.c.s.PostProcessorRegistrationDelegate$BeanPostProcessorChecker - Bean 'sysUserMapper' of type [com.sun.proxy.$Proxy72] is not eligible for getting processed by all BeanPostProcessors (for example: not eligible for auto-proxying)
2019-03-12 10:38:02.462 [main] INFO  o.s.c.s.PostProcessorRegistrationDelegate$BeanPostProcessorChecker - Bean 'sysUserServiceImpl' of type [com.sangxiang.dao.service.impl.SysUserServiceImpl] is not eligible for getting processed by all BeanPostProcessors (for example: not eligible for auto-proxying)
2019-03-12 10:38:02.465 [main] INFO  o.s.c.s.PostProcessorRegistrationDelegate$BeanPostProcessorChecker - Bean 'sysRoleMapper' of type [org.mybatis.spring.mapper.MapperFactoryBean] is not eligible for getting processed by all BeanPostProcessors (for example: not eligible for auto-proxying)
2019-03-12 10:38:02.466 [main] INFO  o.s.c.s.PostProcessorRegistrationDelegate$BeanPostProcessorChecker - Bean 'sysRoleMapper' of type [com.sun.proxy.$Proxy73] is not eligible for getting processed by all BeanPostProcessors (for example: not eligible for auto-proxying)
2019-03-12 10:38:02.466 [main] INFO  o.s.c.s.PostProcessorRegistrationDelegate$BeanPostProcessorChecker - Bean 'sysRoleServiceImpl' of type [com.sangxiang.dao.service.impl.SysRoleServiceImpl] is not eligible for getting processed by all BeanPostProcessors (for example: not eligible for auto-proxying)
2019-03-12 10:38:02.467 [main] INFO  o.s.c.s.PostProcessorRegistrationDelegate$BeanPostProcessorChecker - Bean 'OAuth2Realm' of type [com.sangxiang.web.oauth2.OAuth2Realm] is not eligible for getting processed by all BeanPostProcessors (for example: not eligible for auto-proxying)
2019-03-12 10:38:02.550 [main] INFO  o.s.c.s.PostProcessorRegistrationDelegate$BeanPostProcessorChecker - Bean 'sessionManager' of type [org.apache.shiro.web.session.mgt.DefaultWebSessionManager] is not eligible for getting processed by all BeanPostProcessors (for example: not eligible for auto-proxying)
2019-03-12 10:38:02.738 [main] INFO  o.s.c.s.PostProcessorRegistrationDelegate$BeanPostProcessorChecker - Bean 'securityManager' of type [org.apache.shiro.web.mgt.DefaultWebSecurityManager] is not eligible for getting processed by all BeanPostProcessors (for example: not eligible for auto-proxying)
2019-03-12 10:38:02.772 [main] INFO  o.s.c.s.PostProcessorRegistrationDelegate$BeanPostProcessorChecker - Bean 'org.springframework.transaction.annotation.ProxyTransactionManagementConfiguration' of type [org.springframework.transaction.annotation.ProxyTransactionManagementConfiguration$$EnhancerBySpringCGLIB$$8403d7cf] is not eligible for getting processed by all BeanPostProcessors (for example: not eligible for auto-proxying)
2019-03-12 10:38:02.841 [main] INFO  o.s.c.s.PostProcessorRegistrationDelegate$BeanPostProcessorChecker - Bean 'authorizationAttributeSourceAdvisor' of type [org.apache.shiro.spring.security.interceptor.AuthorizationAttributeSourceAdvisor] is not eligible for getting processed by all BeanPostProcessors (for example: not eligible for auto-proxying)
2019-03-12 10:38:03.100 [main] INFO  o.s.boot.web.embedded.tomcat.TomcatWebServer - Tomcat initialized with port(s): 8081 (http)
2019-03-12 10:38:03.110 [main] INFO  org.apache.coyote.http11.Http11NioProtocol - Initializing ProtocolHandler ["http-nio-8081"]
2019-03-12 10:38:03.114 [main] INFO  org.apache.catalina.core.StandardService - Starting service [Tomcat]
2019-03-12 10:38:03.114 [main] INFO  org.apache.catalina.core.StandardEngine - Starting Servlet Engine: Apache Tomcat/9.0.12
2019-03-12 10:38:03.118 [main] INFO  org.apache.catalina.core.AprLifecycleListener - The APR based Apache Tomcat Native library which allows optimal performance in production environments was not found on the java.library.path: [C:\Program Files\Java\jdk1.8.0_201\bin;C:\Windows\Sun\Java\bin;C:\Windows\system32;C:\Windows;C:\Program Files (x86)\Common Files\Oracle\Java\javapath;C:\Program Files (x86)\Intel\Intel(R) Management Engine Components\iCLS\;C:\Program Files\Intel\Intel(R) Management Engine Components\iCLS\;C:\Windows\system32;C:\Windows;C:\Windows\System32\Wbem;C:\Windows\System32\WindowsPowerShell\v1.0\;C:\Windows\System32\OpenSSH\;C:\Program Files (x86)\Intel\Intel(R) Management Engine Components\DAL;C:\Program Files\Intel\Intel(R) Management Engine Components\DAL;C:\Program Files (x86)\Intel\Intel(R) Management Engine Components\IPT;C:\Program Files\Intel\Intel(R) Management Engine Components\IPT;C:\Program Files\Java\jdk1.8.0_201\bin;C:\Program Files\Java\jdk1.8.0_201\jre\bin;C:\Program Files\TortoiseSVN\bin;C:\Program Files\Android\Android Studio\gradle\gradle-4.6\bin;C:\Program Files\PuTTY\;C:\Users\sangxiang\AppData\Local\Microsoft\WindowsApps;;.]
2019-03-12 10:38:03.242 [main] INFO  o.a.c.core.ContainerBase.[Tomcat].[localhost].[/] - Initializing Spring embedded WebApplicationContext
2019-03-12 10:38:03.243 [main] INFO  org.springframework.web.context.ContextLoader - Root WebApplicationContext: initialization completed in 2086 ms
2019-03-12 10:38:03.284 [main] INFO  o.s.boot.web.servlet.ServletRegistrationBean - Servlet dispatcherServlet mapped to [/]
2019-03-12 10:38:03.289 [main] INFO  o.s.boot.web.servlet.FilterRegistrationBean - Mapping filter: 'characterEncodingFilter' to: [/*]
2019-03-12 10:38:03.289 [main] INFO  o.s.boot.web.servlet.FilterRegistrationBean - Mapping filter: 'hiddenHttpMethodFilter' to: [/*]
2019-03-12 10:38:03.289 [main] INFO  o.s.boot.web.servlet.FilterRegistrationBean - Mapping filter: 'formContentFilter' to: [/*]
2019-03-12 10:38:03.289 [main] INFO  o.s.boot.web.servlet.FilterRegistrationBean - Mapping filter: 'requestContextFilter' to: [/*]
2019-03-12 10:38:03.289 [main] INFO  o.s.boot.web.servlet.FilterRegistrationBean - Mapping filter: 'shiroFilter' to: [/*]
2019-03-12 10:38:03.723 [main] INFO  org.apache.catalina.core.StandardService - Stopping service [Tomcat]
